

================================================================
== Vitis HLS Report for 'aggregate_paths_and_select'
================================================================
* Date:           Fri May  1 11:44:18 2026

* Version:        2023.1 (Build 3854077 on May  4 2023)
* Project:        sgm_kernel
* Solution:       solution1 (Vivado IP Flow Target)
* Product family: zynq
* Target device:  xc7z010-clg400-1


================================================================
== Performance Estimates
================================================================
+ Timing: 
    * Summary: 
    +--------+----------+----------+------------+
    |  Clock |  Target  | Estimated| Uncertainty|
    +--------+----------+----------+------------+
    |ap_clk  |  10.00 ns|  7.156 ns|     2.70 ns|
    +--------+----------+----------+------------+

+ Latency: 
    * Summary: 
    +---------+---------+----------+----------+-----+-----+---------+
    |  Latency (cycles) |  Latency (absolute) |  Interval | Pipeline|
    |   min   |   max   |    min   |    max   | min | max |   Type  |
    +---------+---------+----------+----------+-----+-----+---------+
    |       71|       71|  0.710 us|  0.710 us|   71|   71|       no|
    +---------+---------+----------+----------+-----+-----+---------+

    + Detail: 
        * Instance: 
        +----------------------------------------------------------------+-----------------------------------------------------+---------+---------+----------+----------+-----+-----+---------+
        |                                                                |                                                     |  Latency (cycles) |  Latency (absolute) |  Interval | Pipeline|
        |                            Instance                            |                        Module                       |   min   |   max   |    min   |    max   | min | max |   Type  |
        +----------------------------------------------------------------+-----------------------------------------------------+---------+---------+----------+----------+-----+-----+---------+
        |grp_aggregate_paths_and_select_Pipeline_AggregationLoop_fu_222  |aggregate_paths_and_select_Pipeline_AggregationLoop  |       67|       67|  0.670 us|  0.670 us|   67|   67|       no|
        +----------------------------------------------------------------+-----------------------------------------------------+---------+---------+----------+----------+-----+-----+---------+

        * Loop: 
        N/A



================================================================
== Utilization Estimates
================================================================
* Summary: 
+-----------------+---------+----+-------+-------+-----+
|       Name      | BRAM_18K| DSP|   FF  |  LUT  | URAM|
+-----------------+---------+----+-------+-------+-----+
|DSP              |        -|   -|      -|      -|    -|
|Expression       |        -|   -|      0|     76|    -|
|FIFO             |        -|   -|      -|      -|    -|
|Instance         |        -|   -|    853|   1832|    -|
|Memory           |        -|   -|      -|      -|    -|
|Multiplexer      |        -|   -|      -|    411|    -|
|Register         |        -|   -|     78|      -|    -|
+-----------------+---------+----+-------+-------+-----+
|Total            |        0|   0|    931|   2319|    0|
+-----------------+---------+----+-------+-------+-----+
|Available        |      120|  80|  35200|  17600|    0|
+-----------------+---------+----+-------+-------+-----+
|Utilization (%)  |        0|   0|      2|     13|    0|
+-----------------+---------+----+-------+-------+-----+

+ Detail: 
    * Instance: 
    +----------------------------------------------------------------+-----------------------------------------------------+---------+----+-----+------+-----+
    |                            Instance                            |                        Module                       | BRAM_18K| DSP|  FF |  LUT | URAM|
    +----------------------------------------------------------------+-----------------------------------------------------+---------+----+-----+------+-----+
    |grp_aggregate_paths_and_select_Pipeline_AggregationLoop_fu_222  |aggregate_paths_and_select_Pipeline_AggregationLoop  |        0|   0|  853|  1832|    0|
    +----------------------------------------------------------------+-----------------------------------------------------+---------+----+-----+------+-----+
    |Total                                                           |                                                     |        0|   0|  853|  1832|    0|
    +----------------------------------------------------------------+-----------------------------------------------------+---------+----+-----+------+-----+

    * DSP: 
    N/A

    * Memory: 
    N/A

    * FIFO: 
    N/A

    * Expression: 
    +-----------------------+----------+----+---+----+------------+------------+
    |     Variable Name     | Operation| DSP| FF| LUT| Bitwidth P0| Bitwidth P1|
    +-----------------------+----------+----+---+----+------------+------------+
    |add_ln138_fu_388_p2    |         +|   0|  0|  14|          13|           8|
    |add_ln139_fu_421_p2    |         +|   0|  0|  14|          13|           8|
    |basePenLR_fu_402_p2    |         +|   0|  0|  12|          12|           8|
    |basePenTB_fu_435_p2    |         +|   0|  0|  12|          12|           8|
    |basePenLR_1_fu_408_p3  |    select|   0|  0|  12|           1|           2|
    |basePenTB_1_fu_441_p3  |    select|   0|  0|  12|           1|           2|
    +-----------------------+----------+----+---+----+------------+------------+
    |Total                  |          |   0|  0|  76|          52|          36|
    +-----------------------+----------+----+---+----+------------+------------+

    * Multiplexer: 
    +------------------------------------------------------------------------------+----+-----------+-----+-----------+
    |                                     Name                                     | LUT| Input Size| Bits| Total Bits|
    +------------------------------------------------------------------------------+----+-----------+-----+-----------+
    |ap_NS_fsm                                                                     |  31|          6|    1|          6|
    |p_ZZ10sgm_kernelRN3hls6streamI7ap_uintILi8EELi0EEES4_S4_E9prevCostL_10_o      |   9|          2|   12|         24|
    |p_ZZ10sgm_kernelRN3hls6streamI7ap_uintILi8EELi0EEES4_S4_E9prevCostL_11_o      |   9|          2|   12|         24|
    |p_ZZ10sgm_kernelRN3hls6streamI7ap_uintILi8EELi0EEES4_S4_E9prevCostL_12_o      |   9|          2|   12|         24|
    |p_ZZ10sgm_kernelRN3hls6streamI7ap_uintILi8EELi0EEES4_S4_E9prevCostL_13_o      |   9|          2|   12|         24|
    |p_ZZ10sgm_kernelRN3hls6streamI7ap_uintILi8EELi0EEES4_S4_E9prevCostL_14_o      |   9|          2|   12|         24|
    |p_ZZ10sgm_kernelRN3hls6streamI7ap_uintILi8EELi0EEES4_S4_E9prevCostL_15_o      |   9|          2|   12|         24|
    |p_ZZ10sgm_kernelRN3hls6streamI7ap_uintILi8EELi0EEES4_S4_E9prevCostL_16_o      |   9|          2|   12|         24|
    |p_ZZ10sgm_kernelRN3hls6streamI7ap_uintILi8EELi0EEES4_S4_E9prevCostL_17_o      |   9|          2|   12|         24|
    |p_ZZ10sgm_kernelRN3hls6streamI7ap_uintILi8EELi0EEES4_S4_E9prevCostL_18_o      |   9|          2|   12|         24|
    |p_ZZ10sgm_kernelRN3hls6streamI7ap_uintILi8EELi0EEES4_S4_E9prevCostL_19_o      |   9|          2|   12|         24|
    |p_ZZ10sgm_kernelRN3hls6streamI7ap_uintILi8EELi0EEES4_S4_E9prevCostL_20_o      |   9|          2|   12|         24|
    |p_ZZ10sgm_kernelRN3hls6streamI7ap_uintILi8EELi0EEES4_S4_E9prevCostL_21_o      |   9|          2|   12|         24|
    |p_ZZ10sgm_kernelRN3hls6streamI7ap_uintILi8EELi0EEES4_S4_E9prevCostL_22_o      |   9|          2|   12|         24|
    |p_ZZ10sgm_kernelRN3hls6streamI7ap_uintILi8EELi0EEES4_S4_E9prevCostL_23_o      |   9|          2|   12|         24|
    |p_ZZ10sgm_kernelRN3hls6streamI7ap_uintILi8EELi0EEES4_S4_E9prevCostL_24_o      |   9|          2|   12|         24|
    |p_ZZ10sgm_kernelRN3hls6streamI7ap_uintILi8EELi0EEES4_S4_E9prevCostL_25_o      |   9|          2|   12|         24|
    |p_ZZ10sgm_kernelRN3hls6streamI7ap_uintILi8EELi0EEES4_S4_E9prevCostL_26_o      |   9|          2|   12|         24|
    |p_ZZ10sgm_kernelRN3hls6streamI7ap_uintILi8EELi0EEES4_S4_E9prevCostL_27_o      |   9|          2|   12|         24|
    |p_ZZ10sgm_kernelRN3hls6streamI7ap_uintILi8EELi0EEES4_S4_E9prevCostL_28_o      |   9|          2|   12|         24|
    |p_ZZ10sgm_kernelRN3hls6streamI7ap_uintILi8EELi0EEES4_S4_E9prevCostL_29_o      |   9|          2|   12|         24|
    |p_ZZ10sgm_kernelRN3hls6streamI7ap_uintILi8EELi0EEES4_S4_E9prevCostL_30_o      |   9|          2|   12|         24|
    |p_ZZ10sgm_kernelRN3hls6streamI7ap_uintILi8EELi0EEES4_S4_E9prevCostL_31_o      |   9|          2|   12|         24|
    |prevCostT_col_0_address0                                                      |  14|          3|    9|         27|
    |prevCostT_col_0_ce0                                                           |  14|          3|    1|          3|
    |prevCostT_col_0_we0                                                           |   9|          2|    1|          2|
    |prevCostT_col_1_address0                                                      |  14|          3|    9|         27|
    |prevCostT_col_1_ce0                                                           |  14|          3|    1|          3|
    |prevCostT_col_1_we0                                                           |   9|          2|    1|          2|
    |sgm_kernel_stream_stream_ap_uint_8_0_stream_ap_uint_8_0_prevCostL_1_o         |   9|          2|   12|         24|
    |sgm_kernel_stream_stream_ap_uint_8_0_stream_ap_uint_8_0_prevCostL_2_o         |   9|          2|   12|         24|
    |sgm_kernel_stream_stream_ap_uint_8_0_stream_ap_uint_8_0_prevCostL_3_o         |   9|          2|   12|         24|
    |sgm_kernel_stream_stream_ap_uint_8_0_stream_ap_uint_8_0_prevCostL_4_o         |   9|          2|   12|         24|
    |sgm_kernel_stream_stream_ap_uint_8_0_stream_ap_uint_8_0_prevCostL_5_o         |   9|          2|   12|         24|
    |sgm_kernel_stream_stream_ap_uint_8_0_stream_ap_uint_8_0_prevCostL_6_o         |   9|          2|   12|         24|
    |sgm_kernel_stream_stream_ap_uint_8_0_stream_ap_uint_8_0_prevCostL_7_o         |   9|          2|   12|         24|
    |sgm_kernel_stream_stream_ap_uint_8_0_stream_ap_uint_8_0_prevCostL_8_o         |   9|          2|   12|         24|
    |sgm_kernel_stream_stream_ap_uint_8_0_stream_ap_uint_8_0_prevCostL_8_o_ap_vld  |   9|          2|    1|          2|
    |sgm_kernel_stream_stream_ap_uint_8_0_stream_ap_uint_8_0_prevCostL_9_o         |   9|          2|   12|         24|
    |sgm_kernel_stream_stream_ap_uint_8_0_stream_ap_uint_8_0_prevCostL_9_o_ap_vld  |   9|          2|    1|          2|
    |sgm_kernel_stream_stream_ap_uint_8_0_stream_ap_uint_8_0_prevCostL_o           |   9|          2|   12|         24|
    +------------------------------------------------------------------------------+----+-----------+-----+-----------+
    |Total                                                                         | 411|         90|  409|        842|
    +------------------------------------------------------------------------------+----+-----------+-----+-----------+

    * Register: 
    +----------------------------------------------------------------------------------+----+----+-----+-----------+
    |                                       Name                                       | FF | LUT| Bits| Const Bits|
    +----------------------------------------------------------------------------------+----+----+-----+-----------+
    |L_dp1_reg_515                                                                     |  12|   0|   12|          0|
    |T_dp1_reg_525                                                                     |  12|   0|   12|          0|
    |ap_CS_fsm                                                                         |   5|   0|    5|          0|
    |basePenLR_1_reg_540                                                               |  12|   0|   12|          0|
    |basePenTB_1_reg_545                                                               |  12|   0|   12|          0|
    |grp_aggregate_paths_and_select_Pipeline_AggregationLoop_fu_222_ap_start_reg       |   1|   0|    1|          0|
    |prevCostT_col_0_load_reg_520                                                      |  12|   0|   12|          0|
    |sgm_kernel_stream_stream_ap_uint_8_0_stream_ap_uint_8_0_prevCostL_9_load_reg_510  |  12|   0|   12|          0|
    +----------------------------------------------------------------------------------+----+----+-----+-----------+
    |Total                                                                             |  78|   0|   78|          0|
    +----------------------------------------------------------------------------------+----+----+-----+-----------+



================================================================
== Interface
================================================================
* Summary: 
+---------------------------------------------------------------------------------+-----+-----+------------+------------------------------------------------------------------------+--------------+
|                                    RTL Ports                                    | Dir | Bits|  Protocol  |                              Source Object                             |    C Type    |
+---------------------------------------------------------------------------------+-----+-----+------------+------------------------------------------------------------------------+--------------+
|ap_clk                                                                           |   in|    1|  ap_ctrl_hs|                                              aggregate_paths_and_select|  return value|
|ap_rst                                                                           |   in|    1|  ap_ctrl_hs|                                              aggregate_paths_and_select|  return value|
|ap_start                                                                         |   in|    1|  ap_ctrl_hs|                                              aggregate_paths_and_select|  return value|
|ap_done                                                                          |  out|    1|  ap_ctrl_hs|                                              aggregate_paths_and_select|  return value|
|ap_idle                                                                          |  out|    1|  ap_ctrl_hs|                                              aggregate_paths_and_select|  return value|
|ap_ready                                                                         |  out|    1|  ap_ctrl_hs|                                              aggregate_paths_and_select|  return value|
|ap_return_0                                                                      |  out|    8|  ap_ctrl_hs|                                              aggregate_paths_and_select|  return value|
|ap_return_1                                                                      |  out|   12|  ap_ctrl_hs|                                              aggregate_paths_and_select|  return value|
|ap_return_2                                                                      |  out|   12|  ap_ctrl_hs|                                              aggregate_paths_and_select|  return value|
|curCost_address0                                                                 |  out|    5|   ap_memory|                                                                 curCost|         array|
|curCost_ce0                                                                      |  out|    1|   ap_memory|                                                                 curCost|         array|
|curCost_q0                                                                       |   in|   11|   ap_memory|                                                                 curCost|         array|
|prevCostT_col_0_address0                                                         |  out|    9|   ap_memory|                                                         prevCostT_col_0|         array|
|prevCostT_col_0_ce0                                                              |  out|    1|   ap_memory|                                                         prevCostT_col_0|         array|
|prevCostT_col_0_we0                                                              |  out|    1|   ap_memory|                                                         prevCostT_col_0|         array|
|prevCostT_col_0_d0                                                               |  out|   12|   ap_memory|                                                         prevCostT_col_0|         array|
|prevCostT_col_0_q0                                                               |   in|   12|   ap_memory|                                                         prevCostT_col_0|         array|
|prevCostT_col_0_offset                                                           |   in|    9|     ap_none|                                                  prevCostT_col_0_offset|        scalar|
|prevCostT_col_1_address0                                                         |  out|    9|   ap_memory|                                                         prevCostT_col_1|         array|
|prevCostT_col_1_ce0                                                              |  out|    1|   ap_memory|                                                         prevCostT_col_1|         array|
|prevCostT_col_1_we0                                                              |  out|    1|   ap_memory|                                                         prevCostT_col_1|         array|
|prevCostT_col_1_d0                                                               |  out|   12|   ap_memory|                                                         prevCostT_col_1|         array|
|prevCostT_col_1_q0                                                               |   in|   12|   ap_memory|                                                         prevCostT_col_1|         array|
|prevCostT_col_2_address0                                                         |  out|    9|   ap_memory|                                                         prevCostT_col_2|         array|
|prevCostT_col_2_ce0                                                              |  out|    1|   ap_memory|                                                         prevCostT_col_2|         array|
|prevCostT_col_2_we0                                                              |  out|    1|   ap_memory|                                                         prevCostT_col_2|         array|
|prevCostT_col_2_d0                                                               |  out|   12|   ap_memory|                                                         prevCostT_col_2|         array|
|prevCostT_col_2_q0                                                               |   in|   12|   ap_memory|                                                         prevCostT_col_2|         array|
|prevCostT_col_3_address0                                                         |  out|    9|   ap_memory|                                                         prevCostT_col_3|         array|
|prevCostT_col_3_ce0                                                              |  out|    1|   ap_memory|                                                         prevCostT_col_3|         array|
|prevCostT_col_3_we0                                                              |  out|    1|   ap_memory|                                                         prevCostT_col_3|         array|
|prevCostT_col_3_d0                                                               |  out|   12|   ap_memory|                                                         prevCostT_col_3|         array|
|prevCostT_col_3_q0                                                               |   in|   12|   ap_memory|                                                         prevCostT_col_3|         array|
|prevCostT_col_4_address0                                                         |  out|    9|   ap_memory|                                                         prevCostT_col_4|         array|
|prevCostT_col_4_ce0                                                              |  out|    1|   ap_memory|                                                         prevCostT_col_4|         array|
|prevCostT_col_4_we0                                                              |  out|    1|   ap_memory|                                                         prevCostT_col_4|         array|
|prevCostT_col_4_d0                                                               |  out|   12|   ap_memory|                                                         prevCostT_col_4|         array|
|prevCostT_col_4_q0                                                               |   in|   12|   ap_memory|                                                         prevCostT_col_4|         array|
|prevCostT_col_5_address0                                                         |  out|    9|   ap_memory|                                                         prevCostT_col_5|         array|
|prevCostT_col_5_ce0                                                              |  out|    1|   ap_memory|                                                         prevCostT_col_5|         array|
|prevCostT_col_5_we0                                                              |  out|    1|   ap_memory|                                                         prevCostT_col_5|         array|
|prevCostT_col_5_d0                                                               |  out|   12|   ap_memory|                                                         prevCostT_col_5|         array|
|prevCostT_col_5_q0                                                               |   in|   12|   ap_memory|                                                         prevCostT_col_5|         array|
|prevCostT_col_6_address0                                                         |  out|    9|   ap_memory|                                                         prevCostT_col_6|         array|
|prevCostT_col_6_ce0                                                              |  out|    1|   ap_memory|                                                         prevCostT_col_6|         array|
|prevCostT_col_6_we0                                                              |  out|    1|   ap_memory|                                                         prevCostT_col_6|         array|
|prevCostT_col_6_d0                                                               |  out|   12|   ap_memory|                                                         prevCostT_col_6|         array|
|prevCostT_col_6_q0                                                               |   in|   12|   ap_memory|                                                         prevCostT_col_6|         array|
|prevCostT_col_7_address0                                                         |  out|    9|   ap_memory|                                                         prevCostT_col_7|         array|
|prevCostT_col_7_ce0                                                              |  out|    1|   ap_memory|                                                         prevCostT_col_7|         array|
|prevCostT_col_7_we0                                                              |  out|    1|   ap_memory|                                                         prevCostT_col_7|         array|
|prevCostT_col_7_d0                                                               |  out|   12|   ap_memory|                                                         prevCostT_col_7|         array|
|prevCostT_col_7_q0                                                               |   in|   12|   ap_memory|                                                         prevCostT_col_7|         array|
|prevCostT_col_8_address0                                                         |  out|    9|   ap_memory|                                                         prevCostT_col_8|         array|
|prevCostT_col_8_ce0                                                              |  out|    1|   ap_memory|                                                         prevCostT_col_8|         array|
|prevCostT_col_8_we0                                                              |  out|    1|   ap_memory|                                                         prevCostT_col_8|         array|
|prevCostT_col_8_d0                                                               |  out|   12|   ap_memory|                                                         prevCostT_col_8|         array|
|prevCostT_col_8_q0                                                               |   in|   12|   ap_memory|                                                         prevCostT_col_8|         array|
|prevCostT_col_9_address0                                                         |  out|    9|   ap_memory|                                                         prevCostT_col_9|         array|
|prevCostT_col_9_ce0                                                              |  out|    1|   ap_memory|                                                         prevCostT_col_9|         array|
|prevCostT_col_9_we0                                                              |  out|    1|   ap_memory|                                                         prevCostT_col_9|         array|
|prevCostT_col_9_d0                                                               |  out|   12|   ap_memory|                                                         prevCostT_col_9|         array|
|prevCostT_col_9_q0                                                               |   in|   12|   ap_memory|                                                         prevCostT_col_9|         array|
|prevCostT_col_10_address0                                                        |  out|    9|   ap_memory|                                                        prevCostT_col_10|         array|
|prevCostT_col_10_ce0                                                             |  out|    1|   ap_memory|                                                        prevCostT_col_10|         array|
|prevCostT_col_10_we0                                                             |  out|    1|   ap_memory|                                                        prevCostT_col_10|         array|
|prevCostT_col_10_d0                                                              |  out|   12|   ap_memory|                                                        prevCostT_col_10|         array|
|prevCostT_col_10_q0                                                              |   in|   12|   ap_memory|                                                        prevCostT_col_10|         array|
|prevCostT_col_11_address0                                                        |  out|    9|   ap_memory|                                                        prevCostT_col_11|         array|
|prevCostT_col_11_ce0                                                             |  out|    1|   ap_memory|                                                        prevCostT_col_11|         array|
|prevCostT_col_11_we0                                                             |  out|    1|   ap_memory|                                                        prevCostT_col_11|         array|
|prevCostT_col_11_d0                                                              |  out|   12|   ap_memory|                                                        prevCostT_col_11|         array|
|prevCostT_col_11_q0                                                              |   in|   12|   ap_memory|                                                        prevCostT_col_11|         array|
|prevCostT_col_12_address0                                                        |  out|    9|   ap_memory|                                                        prevCostT_col_12|         array|
|prevCostT_col_12_ce0                                                             |  out|    1|   ap_memory|                                                        prevCostT_col_12|         array|
|prevCostT_col_12_we0                                                             |  out|    1|   ap_memory|                                                        prevCostT_col_12|         array|
|prevCostT_col_12_d0                                                              |  out|   12|   ap_memory|                                                        prevCostT_col_12|         array|
|prevCostT_col_12_q0                                                              |   in|   12|   ap_memory|                                                        prevCostT_col_12|         array|
|prevCostT_col_13_address0                                                        |  out|    9|   ap_memory|                                                        prevCostT_col_13|         array|
|prevCostT_col_13_ce0                                                             |  out|    1|   ap_memory|                                                        prevCostT_col_13|         array|
|prevCostT_col_13_we0                                                             |  out|    1|   ap_memory|                                                        prevCostT_col_13|         array|
|prevCostT_col_13_d0                                                              |  out|   12|   ap_memory|                                                        prevCostT_col_13|         array|
|prevCostT_col_13_q0                                                              |   in|   12|   ap_memory|                                                        prevCostT_col_13|         array|
|prevCostT_col_14_address0                                                        |  out|    9|   ap_memory|                                                        prevCostT_col_14|         array|
|prevCostT_col_14_ce0                                                             |  out|    1|   ap_memory|                                                        prevCostT_col_14|         array|
|prevCostT_col_14_we0                                                             |  out|    1|   ap_memory|                                                        prevCostT_col_14|         array|
|prevCostT_col_14_d0                                                              |  out|   12|   ap_memory|                                                        prevCostT_col_14|         array|
|prevCostT_col_14_q0                                                              |   in|   12|   ap_memory|                                                        prevCostT_col_14|         array|
|prevCostT_col_15_address0                                                        |  out|    9|   ap_memory|                                                        prevCostT_col_15|         array|
|prevCostT_col_15_ce0                                                             |  out|    1|   ap_memory|                                                        prevCostT_col_15|         array|
|prevCostT_col_15_we0                                                             |  out|    1|   ap_memory|                                                        prevCostT_col_15|         array|
|prevCostT_col_15_d0                                                              |  out|   12|   ap_memory|                                                        prevCostT_col_15|         array|
|prevCostT_col_15_q0                                                              |   in|   12|   ap_memory|                                                        prevCostT_col_15|         array|
|prevCostT_col_16_address0                                                        |  out|    9|   ap_memory|                                                        prevCostT_col_16|         array|
|prevCostT_col_16_ce0                                                             |  out|    1|   ap_memory|                                                        prevCostT_col_16|         array|
|prevCostT_col_16_we0                                                             |  out|    1|   ap_memory|                                                        prevCostT_col_16|         array|
|prevCostT_col_16_d0                                                              |  out|   12|   ap_memory|                                                        prevCostT_col_16|         array|
|prevCostT_col_16_q0                                                              |   in|   12|   ap_memory|                                                        prevCostT_col_16|         array|
|prevCostT_col_17_address0                                                        |  out|    9|   ap_memory|                                                        prevCostT_col_17|         array|
|prevCostT_col_17_ce0                                                             |  out|    1|   ap_memory|                                                        prevCostT_col_17|         array|
|prevCostT_col_17_we0                                                             |  out|    1|   ap_memory|                                                        prevCostT_col_17|         array|
|prevCostT_col_17_d0                                                              |  out|   12|   ap_memory|                                                        prevCostT_col_17|         array|
|prevCostT_col_17_q0                                                              |   in|   12|   ap_memory|                                                        prevCostT_col_17|         array|
|prevCostT_col_18_address0                                                        |  out|    9|   ap_memory|                                                        prevCostT_col_18|         array|
|prevCostT_col_18_ce0                                                             |  out|    1|   ap_memory|                                                        prevCostT_col_18|         array|
|prevCostT_col_18_we0                                                             |  out|    1|   ap_memory|                                                        prevCostT_col_18|         array|
|prevCostT_col_18_d0                                                              |  out|   12|   ap_memory|                                                        prevCostT_col_18|         array|
|prevCostT_col_18_q0                                                              |   in|   12|   ap_memory|                                                        prevCostT_col_18|         array|
|prevCostT_col_19_address0                                                        |  out|    9|   ap_memory|                                                        prevCostT_col_19|         array|
|prevCostT_col_19_ce0                                                             |  out|    1|   ap_memory|                                                        prevCostT_col_19|         array|
|prevCostT_col_19_we0                                                             |  out|    1|   ap_memory|                                                        prevCostT_col_19|         array|
|prevCostT_col_19_d0                                                              |  out|   12|   ap_memory|                                                        prevCostT_col_19|         array|
|prevCostT_col_19_q0                                                              |   in|   12|   ap_memory|                                                        prevCostT_col_19|         array|
|prevCostT_col_20_address0                                                        |  out|    9|   ap_memory|                                                        prevCostT_col_20|         array|
|prevCostT_col_20_ce0                                                             |  out|    1|   ap_memory|                                                        prevCostT_col_20|         array|
|prevCostT_col_20_we0                                                             |  out|    1|   ap_memory|                                                        prevCostT_col_20|         array|
|prevCostT_col_20_d0                                                              |  out|   12|   ap_memory|                                                        prevCostT_col_20|         array|
|prevCostT_col_20_q0                                                              |   in|   12|   ap_memory|                                                        prevCostT_col_20|         array|
|prevCostT_col_21_address0                                                        |  out|    9|   ap_memory|                                                        prevCostT_col_21|         array|
|prevCostT_col_21_ce0                                                             |  out|    1|   ap_memory|                                                        prevCostT_col_21|         array|
|prevCostT_col_21_we0                                                             |  out|    1|   ap_memory|                                                        prevCostT_col_21|         array|
|prevCostT_col_21_d0                                                              |  out|   12|   ap_memory|                                                        prevCostT_col_21|         array|
|prevCostT_col_21_q0                                                              |   in|   12|   ap_memory|                                                        prevCostT_col_21|         array|
|prevCostT_col_22_address0                                                        |  out|    9|   ap_memory|                                                        prevCostT_col_22|         array|
|prevCostT_col_22_ce0                                                             |  out|    1|   ap_memory|                                                        prevCostT_col_22|         array|
|prevCostT_col_22_we0                                                             |  out|    1|   ap_memory|                                                        prevCostT_col_22|         array|
|prevCostT_col_22_d0                                                              |  out|   12|   ap_memory|                                                        prevCostT_col_22|         array|
|prevCostT_col_22_q0                                                              |   in|   12|   ap_memory|                                                        prevCostT_col_22|         array|
|prevCostT_col_23_address0                                                        |  out|    9|   ap_memory|                                                        prevCostT_col_23|         array|
|prevCostT_col_23_ce0                                                             |  out|    1|   ap_memory|                                                        prevCostT_col_23|         array|
|prevCostT_col_23_we0                                                             |  out|    1|   ap_memory|                                                        prevCostT_col_23|         array|
|prevCostT_col_23_d0                                                              |  out|   12|   ap_memory|                                                        prevCostT_col_23|         array|
|prevCostT_col_23_q0                                                              |   in|   12|   ap_memory|                                                        prevCostT_col_23|         array|
|prevCostT_col_24_address0                                                        |  out|    9|   ap_memory|                                                        prevCostT_col_24|         array|
|prevCostT_col_24_ce0                                                             |  out|    1|   ap_memory|                                                        prevCostT_col_24|         array|
|prevCostT_col_24_we0                                                             |  out|    1|   ap_memory|                                                        prevCostT_col_24|         array|
|prevCostT_col_24_d0                                                              |  out|   12|   ap_memory|                                                        prevCostT_col_24|         array|
|prevCostT_col_24_q0                                                              |   in|   12|   ap_memory|                                                        prevCostT_col_24|         array|
|prevCostT_col_25_address0                                                        |  out|    9|   ap_memory|                                                        prevCostT_col_25|         array|
|prevCostT_col_25_ce0                                                             |  out|    1|   ap_memory|                                                        prevCostT_col_25|         array|
|prevCostT_col_25_we0                                                             |  out|    1|   ap_memory|                                                        prevCostT_col_25|         array|
|prevCostT_col_25_d0                                                              |  out|   12|   ap_memory|                                                        prevCostT_col_25|         array|
|prevCostT_col_25_q0                                                              |   in|   12|   ap_memory|                                                        prevCostT_col_25|         array|
|prevCostT_col_26_address0                                                        |  out|    9|   ap_memory|                                                        prevCostT_col_26|         array|
|prevCostT_col_26_ce0                                                             |  out|    1|   ap_memory|                                                        prevCostT_col_26|         array|
|prevCostT_col_26_we0                                                             |  out|    1|   ap_memory|                                                        prevCostT_col_26|         array|
|prevCostT_col_26_d0                                                              |  out|   12|   ap_memory|                                                        prevCostT_col_26|         array|
|prevCostT_col_26_q0                                                              |   in|   12|   ap_memory|                                                        prevCostT_col_26|         array|
|prevCostT_col_27_address0                                                        |  out|    9|   ap_memory|                                                        prevCostT_col_27|         array|
|prevCostT_col_27_ce0                                                             |  out|    1|   ap_memory|                                                        prevCostT_col_27|         array|
|prevCostT_col_27_we0                                                             |  out|    1|   ap_memory|                                                        prevCostT_col_27|         array|
|prevCostT_col_27_d0                                                              |  out|   12|   ap_memory|                                                        prevCostT_col_27|         array|
|prevCostT_col_27_q0                                                              |   in|   12|   ap_memory|                                                        prevCostT_col_27|         array|
|prevCostT_col_28_address0                                                        |  out|    9|   ap_memory|                                                        prevCostT_col_28|         array|
|prevCostT_col_28_ce0                                                             |  out|    1|   ap_memory|                                                        prevCostT_col_28|         array|
|prevCostT_col_28_we0                                                             |  out|    1|   ap_memory|                                                        prevCostT_col_28|         array|
|prevCostT_col_28_d0                                                              |  out|   12|   ap_memory|                                                        prevCostT_col_28|         array|
|prevCostT_col_28_q0                                                              |   in|   12|   ap_memory|                                                        prevCostT_col_28|         array|
|prevCostT_col_29_address0                                                        |  out|    9|   ap_memory|                                                        prevCostT_col_29|         array|
|prevCostT_col_29_ce0                                                             |  out|    1|   ap_memory|                                                        prevCostT_col_29|         array|
|prevCostT_col_29_we0                                                             |  out|    1|   ap_memory|                                                        prevCostT_col_29|         array|
|prevCostT_col_29_d0                                                              |  out|   12|   ap_memory|                                                        prevCostT_col_29|         array|
|prevCostT_col_29_q0                                                              |   in|   12|   ap_memory|                                                        prevCostT_col_29|         array|
|prevCostT_col_30_address0                                                        |  out|    9|   ap_memory|                                                        prevCostT_col_30|         array|
|prevCostT_col_30_ce0                                                             |  out|    1|   ap_memory|                                                        prevCostT_col_30|         array|
|prevCostT_col_30_we0                                                             |  out|    1|   ap_memory|                                                        prevCostT_col_30|         array|
|prevCostT_col_30_d0                                                              |  out|   12|   ap_memory|                                                        prevCostT_col_30|         array|
|prevCostT_col_30_q0                                                              |   in|   12|   ap_memory|                                                        prevCostT_col_30|         array|
|prevCostT_col_31_address0                                                        |  out|    9|   ap_memory|                                                        prevCostT_col_31|         array|
|prevCostT_col_31_ce0                                                             |  out|    1|   ap_memory|                                                        prevCostT_col_31|         array|
|prevCostT_col_31_we0                                                             |  out|    1|   ap_memory|                                                        prevCostT_col_31|         array|
|prevCostT_col_31_d0                                                              |  out|   12|   ap_memory|                                                        prevCostT_col_31|         array|
|prevCostT_col_31_q0                                                              |   in|   12|   ap_memory|                                                        prevCostT_col_31|         array|
|minPrevLR_val                                                                    |   in|   12|     ap_none|                                                           minPrevLR_val|        scalar|
|minPrevTB_val                                                                    |   in|   12|     ap_none|                                                           minPrevTB_val|        scalar|
|sgm_kernel_stream_stream_ap_uint_8_0_stream_ap_uint_8_0_prevCostL_9_i            |   in|   12|     ap_ovld|     sgm_kernel_stream_stream_ap_uint_8_0_stream_ap_uint_8_0_prevCostL_9|       pointer|
|sgm_kernel_stream_stream_ap_uint_8_0_stream_ap_uint_8_0_prevCostL_9_o            |  out|   12|     ap_ovld|     sgm_kernel_stream_stream_ap_uint_8_0_stream_ap_uint_8_0_prevCostL_9|       pointer|
|sgm_kernel_stream_stream_ap_uint_8_0_stream_ap_uint_8_0_prevCostL_9_o_ap_vld     |  out|    1|     ap_ovld|     sgm_kernel_stream_stream_ap_uint_8_0_stream_ap_uint_8_0_prevCostL_9|       pointer|
|sgm_kernel_stream_stream_ap_uint_8_0_stream_ap_uint_8_0_prevCostL_8_i            |   in|   12|     ap_ovld|     sgm_kernel_stream_stream_ap_uint_8_0_stream_ap_uint_8_0_prevCostL_8|       pointer|
|sgm_kernel_stream_stream_ap_uint_8_0_stream_ap_uint_8_0_prevCostL_8_o            |  out|   12|     ap_ovld|     sgm_kernel_stream_stream_ap_uint_8_0_stream_ap_uint_8_0_prevCostL_8|       pointer|
|sgm_kernel_stream_stream_ap_uint_8_0_stream_ap_uint_8_0_prevCostL_8_o_ap_vld     |  out|    1|     ap_ovld|     sgm_kernel_stream_stream_ap_uint_8_0_stream_ap_uint_8_0_prevCostL_8|       pointer|
|sgm_kernel_stream_stream_ap_uint_8_0_stream_ap_uint_8_0_prevCostL_7_i            |   in|   12|     ap_ovld|     sgm_kernel_stream_stream_ap_uint_8_0_stream_ap_uint_8_0_prevCostL_7|       pointer|
|sgm_kernel_stream_stream_ap_uint_8_0_stream_ap_uint_8_0_prevCostL_7_o            |  out|   12|     ap_ovld|     sgm_kernel_stream_stream_ap_uint_8_0_stream_ap_uint_8_0_prevCostL_7|       pointer|
|sgm_kernel_stream_stream_ap_uint_8_0_stream_ap_uint_8_0_prevCostL_7_o_ap_vld     |  out|    1|     ap_ovld|     sgm_kernel_stream_stream_ap_uint_8_0_stream_ap_uint_8_0_prevCostL_7|       pointer|
|sgm_kernel_stream_stream_ap_uint_8_0_stream_ap_uint_8_0_prevCostL_6_i            |   in|   12|     ap_ovld|     sgm_kernel_stream_stream_ap_uint_8_0_stream_ap_uint_8_0_prevCostL_6|       pointer|
|sgm_kernel_stream_stream_ap_uint_8_0_stream_ap_uint_8_0_prevCostL_6_o            |  out|   12|     ap_ovld|     sgm_kernel_stream_stream_ap_uint_8_0_stream_ap_uint_8_0_prevCostL_6|       pointer|
|sgm_kernel_stream_stream_ap_uint_8_0_stream_ap_uint_8_0_prevCostL_6_o_ap_vld     |  out|    1|     ap_ovld|     sgm_kernel_stream_stream_ap_uint_8_0_stream_ap_uint_8_0_prevCostL_6|       pointer|
|sgm_kernel_stream_stream_ap_uint_8_0_stream_ap_uint_8_0_prevCostL_5_i            |   in|   12|     ap_ovld|     sgm_kernel_stream_stream_ap_uint_8_0_stream_ap_uint_8_0_prevCostL_5|       pointer|
|sgm_kernel_stream_stream_ap_uint_8_0_stream_ap_uint_8_0_prevCostL_5_o            |  out|   12|     ap_ovld|     sgm_kernel_stream_stream_ap_uint_8_0_stream_ap_uint_8_0_prevCostL_5|       pointer|
|sgm_kernel_stream_stream_ap_uint_8_0_stream_ap_uint_8_0_prevCostL_5_o_ap_vld     |  out|    1|     ap_ovld|     sgm_kernel_stream_stream_ap_uint_8_0_stream_ap_uint_8_0_prevCostL_5|       pointer|
|sgm_kernel_stream_stream_ap_uint_8_0_stream_ap_uint_8_0_prevCostL_4_i            |   in|   12|     ap_ovld|     sgm_kernel_stream_stream_ap_uint_8_0_stream_ap_uint_8_0_prevCostL_4|       pointer|
|sgm_kernel_stream_stream_ap_uint_8_0_stream_ap_uint_8_0_prevCostL_4_o            |  out|   12|     ap_ovld|     sgm_kernel_stream_stream_ap_uint_8_0_stream_ap_uint_8_0_prevCostL_4|       pointer|
|sgm_kernel_stream_stream_ap_uint_8_0_stream_ap_uint_8_0_prevCostL_4_o_ap_vld     |  out|    1|     ap_ovld|     sgm_kernel_stream_stream_ap_uint_8_0_stream_ap_uint_8_0_prevCostL_4|       pointer|
|sgm_kernel_stream_stream_ap_uint_8_0_stream_ap_uint_8_0_prevCostL_3_i            |   in|   12|     ap_ovld|     sgm_kernel_stream_stream_ap_uint_8_0_stream_ap_uint_8_0_prevCostL_3|       pointer|
|sgm_kernel_stream_stream_ap_uint_8_0_stream_ap_uint_8_0_prevCostL_3_o            |  out|   12|     ap_ovld|     sgm_kernel_stream_stream_ap_uint_8_0_stream_ap_uint_8_0_prevCostL_3|       pointer|
|sgm_kernel_stream_stream_ap_uint_8_0_stream_ap_uint_8_0_prevCostL_3_o_ap_vld     |  out|    1|     ap_ovld|     sgm_kernel_stream_stream_ap_uint_8_0_stream_ap_uint_8_0_prevCostL_3|       pointer|
|sgm_kernel_stream_stream_ap_uint_8_0_stream_ap_uint_8_0_prevCostL_2_i            |   in|   12|     ap_ovld|     sgm_kernel_stream_stream_ap_uint_8_0_stream_ap_uint_8_0_prevCostL_2|       pointer|
|sgm_kernel_stream_stream_ap_uint_8_0_stream_ap_uint_8_0_prevCostL_2_o            |  out|   12|     ap_ovld|     sgm_kernel_stream_stream_ap_uint_8_0_stream_ap_uint_8_0_prevCostL_2|       pointer|
|sgm_kernel_stream_stream_ap_uint_8_0_stream_ap_uint_8_0_prevCostL_2_o_ap_vld     |  out|    1|     ap_ovld|     sgm_kernel_stream_stream_ap_uint_8_0_stream_ap_uint_8_0_prevCostL_2|       pointer|
|sgm_kernel_stream_stream_ap_uint_8_0_stream_ap_uint_8_0_prevCostL_1_i            |   in|   12|     ap_ovld|     sgm_kernel_stream_stream_ap_uint_8_0_stream_ap_uint_8_0_prevCostL_1|       pointer|
|sgm_kernel_stream_stream_ap_uint_8_0_stream_ap_uint_8_0_prevCostL_1_o            |  out|   12|     ap_ovld|     sgm_kernel_stream_stream_ap_uint_8_0_stream_ap_uint_8_0_prevCostL_1|       pointer|
|sgm_kernel_stream_stream_ap_uint_8_0_stream_ap_uint_8_0_prevCostL_1_o_ap_vld     |  out|    1|     ap_ovld|     sgm_kernel_stream_stream_ap_uint_8_0_stream_ap_uint_8_0_prevCostL_1|       pointer|
|sgm_kernel_stream_stream_ap_uint_8_0_stream_ap_uint_8_0_prevCostL_i              |   in|   12|     ap_ovld|       sgm_kernel_stream_stream_ap_uint_8_0_stream_ap_uint_8_0_prevCostL|       pointer|
|sgm_kernel_stream_stream_ap_uint_8_0_stream_ap_uint_8_0_prevCostL_o              |  out|   12|     ap_ovld|       sgm_kernel_stream_stream_ap_uint_8_0_stream_ap_uint_8_0_prevCostL|       pointer|
|sgm_kernel_stream_stream_ap_uint_8_0_stream_ap_uint_8_0_prevCostL_o_ap_vld       |  out|    1|     ap_ovld|       sgm_kernel_stream_stream_ap_uint_8_0_stream_ap_uint_8_0_prevCostL|       pointer|
|p_ZZ10sgm_kernelRN3hls6streamI7ap_uintILi8EELi0EEES4_S4_E9prevCostL_10_i         |   in|   12|     ap_ovld|  p_ZZ10sgm_kernelRN3hls6streamI7ap_uintILi8EELi0EEES4_S4_E9prevCostL_10|       pointer|
|p_ZZ10sgm_kernelRN3hls6streamI7ap_uintILi8EELi0EEES4_S4_E9prevCostL_10_o         |  out|   12|     ap_ovld|  p_ZZ10sgm_kernelRN3hls6streamI7ap_uintILi8EELi0EEES4_S4_E9prevCostL_10|       pointer|
|p_ZZ10sgm_kernelRN3hls6streamI7ap_uintILi8EELi0EEES4_S4_E9prevCostL_10_o_ap_vld  |  out|    1|     ap_ovld|  p_ZZ10sgm_kernelRN3hls6streamI7ap_uintILi8EELi0EEES4_S4_E9prevCostL_10|       pointer|
|p_ZZ10sgm_kernelRN3hls6streamI7ap_uintILi8EELi0EEES4_S4_E9prevCostL_11_i         |   in|   12|     ap_ovld|  p_ZZ10sgm_kernelRN3hls6streamI7ap_uintILi8EELi0EEES4_S4_E9prevCostL_11|       pointer|
|p_ZZ10sgm_kernelRN3hls6streamI7ap_uintILi8EELi0EEES4_S4_E9prevCostL_11_o         |  out|   12|     ap_ovld|  p_ZZ10sgm_kernelRN3hls6streamI7ap_uintILi8EELi0EEES4_S4_E9prevCostL_11|       pointer|
|p_ZZ10sgm_kernelRN3hls6streamI7ap_uintILi8EELi0EEES4_S4_E9prevCostL_11_o_ap_vld  |  out|    1|     ap_ovld|  p_ZZ10sgm_kernelRN3hls6streamI7ap_uintILi8EELi0EEES4_S4_E9prevCostL_11|       pointer|
|p_ZZ10sgm_kernelRN3hls6streamI7ap_uintILi8EELi0EEES4_S4_E9prevCostL_12_i         |   in|   12|     ap_ovld|  p_ZZ10sgm_kernelRN3hls6streamI7ap_uintILi8EELi0EEES4_S4_E9prevCostL_12|       pointer|
|p_ZZ10sgm_kernelRN3hls6streamI7ap_uintILi8EELi0EEES4_S4_E9prevCostL_12_o         |  out|   12|     ap_ovld|  p_ZZ10sgm_kernelRN3hls6streamI7ap_uintILi8EELi0EEES4_S4_E9prevCostL_12|       pointer|
|p_ZZ10sgm_kernelRN3hls6streamI7ap_uintILi8EELi0EEES4_S4_E9prevCostL_12_o_ap_vld  |  out|    1|     ap_ovld|  p_ZZ10sgm_kernelRN3hls6streamI7ap_uintILi8EELi0EEES4_S4_E9prevCostL_12|       pointer|
|p_ZZ10sgm_kernelRN3hls6streamI7ap_uintILi8EELi0EEES4_S4_E9prevCostL_13_i         |   in|   12|     ap_ovld|  p_ZZ10sgm_kernelRN3hls6streamI7ap_uintILi8EELi0EEES4_S4_E9prevCostL_13|       pointer|
|p_ZZ10sgm_kernelRN3hls6streamI7ap_uintILi8EELi0EEES4_S4_E9prevCostL_13_o         |  out|   12|     ap_ovld|  p_ZZ10sgm_kernelRN3hls6streamI7ap_uintILi8EELi0EEES4_S4_E9prevCostL_13|       pointer|
|p_ZZ10sgm_kernelRN3hls6streamI7ap_uintILi8EELi0EEES4_S4_E9prevCostL_13_o_ap_vld  |  out|    1|     ap_ovld|  p_ZZ10sgm_kernelRN3hls6streamI7ap_uintILi8EELi0EEES4_S4_E9prevCostL_13|       pointer|
|p_ZZ10sgm_kernelRN3hls6streamI7ap_uintILi8EELi0EEES4_S4_E9prevCostL_14_i         |   in|   12|     ap_ovld|  p_ZZ10sgm_kernelRN3hls6streamI7ap_uintILi8EELi0EEES4_S4_E9prevCostL_14|       pointer|
|p_ZZ10sgm_kernelRN3hls6streamI7ap_uintILi8EELi0EEES4_S4_E9prevCostL_14_o         |  out|   12|     ap_ovld|  p_ZZ10sgm_kernelRN3hls6streamI7ap_uintILi8EELi0EEES4_S4_E9prevCostL_14|       pointer|
|p_ZZ10sgm_kernelRN3hls6streamI7ap_uintILi8EELi0EEES4_S4_E9prevCostL_14_o_ap_vld  |  out|    1|     ap_ovld|  p_ZZ10sgm_kernelRN3hls6streamI7ap_uintILi8EELi0EEES4_S4_E9prevCostL_14|       pointer|
|p_ZZ10sgm_kernelRN3hls6streamI7ap_uintILi8EELi0EEES4_S4_E9prevCostL_15_i         |   in|   12|     ap_ovld|  p_ZZ10sgm_kernelRN3hls6streamI7ap_uintILi8EELi0EEES4_S4_E9prevCostL_15|       pointer|
|p_ZZ10sgm_kernelRN3hls6streamI7ap_uintILi8EELi0EEES4_S4_E9prevCostL_15_o         |  out|   12|     ap_ovld|  p_ZZ10sgm_kernelRN3hls6streamI7ap_uintILi8EELi0EEES4_S4_E9prevCostL_15|       pointer|
|p_ZZ10sgm_kernelRN3hls6streamI7ap_uintILi8EELi0EEES4_S4_E9prevCostL_15_o_ap_vld  |  out|    1|     ap_ovld|  p_ZZ10sgm_kernelRN3hls6streamI7ap_uintILi8EELi0EEES4_S4_E9prevCostL_15|       pointer|
|p_ZZ10sgm_kernelRN3hls6streamI7ap_uintILi8EELi0EEES4_S4_E9prevCostL_16_i         |   in|   12|     ap_ovld|  p_ZZ10sgm_kernelRN3hls6streamI7ap_uintILi8EELi0EEES4_S4_E9prevCostL_16|       pointer|
|p_ZZ10sgm_kernelRN3hls6streamI7ap_uintILi8EELi0EEES4_S4_E9prevCostL_16_o         |  out|   12|     ap_ovld|  p_ZZ10sgm_kernelRN3hls6streamI7ap_uintILi8EELi0EEES4_S4_E9prevCostL_16|       pointer|
|p_ZZ10sgm_kernelRN3hls6streamI7ap_uintILi8EELi0EEES4_S4_E9prevCostL_16_o_ap_vld  |  out|    1|     ap_ovld|  p_ZZ10sgm_kernelRN3hls6streamI7ap_uintILi8EELi0EEES4_S4_E9prevCostL_16|       pointer|
|p_ZZ10sgm_kernelRN3hls6streamI7ap_uintILi8EELi0EEES4_S4_E9prevCostL_17_i         |   in|   12|     ap_ovld|  p_ZZ10sgm_kernelRN3hls6streamI7ap_uintILi8EELi0EEES4_S4_E9prevCostL_17|       pointer|
|p_ZZ10sgm_kernelRN3hls6streamI7ap_uintILi8EELi0EEES4_S4_E9prevCostL_17_o         |  out|   12|     ap_ovld|  p_ZZ10sgm_kernelRN3hls6streamI7ap_uintILi8EELi0EEES4_S4_E9prevCostL_17|       pointer|
|p_ZZ10sgm_kernelRN3hls6streamI7ap_uintILi8EELi0EEES4_S4_E9prevCostL_17_o_ap_vld  |  out|    1|     ap_ovld|  p_ZZ10sgm_kernelRN3hls6streamI7ap_uintILi8EELi0EEES4_S4_E9prevCostL_17|       pointer|
|p_ZZ10sgm_kernelRN3hls6streamI7ap_uintILi8EELi0EEES4_S4_E9prevCostL_18_i         |   in|   12|     ap_ovld|  p_ZZ10sgm_kernelRN3hls6streamI7ap_uintILi8EELi0EEES4_S4_E9prevCostL_18|       pointer|
|p_ZZ10sgm_kernelRN3hls6streamI7ap_uintILi8EELi0EEES4_S4_E9prevCostL_18_o         |  out|   12|     ap_ovld|  p_ZZ10sgm_kernelRN3hls6streamI7ap_uintILi8EELi0EEES4_S4_E9prevCostL_18|       pointer|
|p_ZZ10sgm_kernelRN3hls6streamI7ap_uintILi8EELi0EEES4_S4_E9prevCostL_18_o_ap_vld  |  out|    1|     ap_ovld|  p_ZZ10sgm_kernelRN3hls6streamI7ap_uintILi8EELi0EEES4_S4_E9prevCostL_18|       pointer|
|p_ZZ10sgm_kernelRN3hls6streamI7ap_uintILi8EELi0EEES4_S4_E9prevCostL_19_i         |   in|   12|     ap_ovld|  p_ZZ10sgm_kernelRN3hls6streamI7ap_uintILi8EELi0EEES4_S4_E9prevCostL_19|       pointer|
|p_ZZ10sgm_kernelRN3hls6streamI7ap_uintILi8EELi0EEES4_S4_E9prevCostL_19_o         |  out|   12|     ap_ovld|  p_ZZ10sgm_kernelRN3hls6streamI7ap_uintILi8EELi0EEES4_S4_E9prevCostL_19|       pointer|
|p_ZZ10sgm_kernelRN3hls6streamI7ap_uintILi8EELi0EEES4_S4_E9prevCostL_19_o_ap_vld  |  out|    1|     ap_ovld|  p_ZZ10sgm_kernelRN3hls6streamI7ap_uintILi8EELi0EEES4_S4_E9prevCostL_19|       pointer|
|p_ZZ10sgm_kernelRN3hls6streamI7ap_uintILi8EELi0EEES4_S4_E9prevCostL_20_i         |   in|   12|     ap_ovld|  p_ZZ10sgm_kernelRN3hls6streamI7ap_uintILi8EELi0EEES4_S4_E9prevCostL_20|       pointer|
|p_ZZ10sgm_kernelRN3hls6streamI7ap_uintILi8EELi0EEES4_S4_E9prevCostL_20_o         |  out|   12|     ap_ovld|  p_ZZ10sgm_kernelRN3hls6streamI7ap_uintILi8EELi0EEES4_S4_E9prevCostL_20|       pointer|
|p_ZZ10sgm_kernelRN3hls6streamI7ap_uintILi8EELi0EEES4_S4_E9prevCostL_20_o_ap_vld  |  out|    1|     ap_ovld|  p_ZZ10sgm_kernelRN3hls6streamI7ap_uintILi8EELi0EEES4_S4_E9prevCostL_20|       pointer|
|p_ZZ10sgm_kernelRN3hls6streamI7ap_uintILi8EELi0EEES4_S4_E9prevCostL_21_i         |   in|   12|     ap_ovld|  p_ZZ10sgm_kernelRN3hls6streamI7ap_uintILi8EELi0EEES4_S4_E9prevCostL_21|       pointer|
|p_ZZ10sgm_kernelRN3hls6streamI7ap_uintILi8EELi0EEES4_S4_E9prevCostL_21_o         |  out|   12|     ap_ovld|  p_ZZ10sgm_kernelRN3hls6streamI7ap_uintILi8EELi0EEES4_S4_E9prevCostL_21|       pointer|
|p_ZZ10sgm_kernelRN3hls6streamI7ap_uintILi8EELi0EEES4_S4_E9prevCostL_21_o_ap_vld  |  out|    1|     ap_ovld|  p_ZZ10sgm_kernelRN3hls6streamI7ap_uintILi8EELi0EEES4_S4_E9prevCostL_21|       pointer|
|p_ZZ10sgm_kernelRN3hls6streamI7ap_uintILi8EELi0EEES4_S4_E9prevCostL_22_i         |   in|   12|     ap_ovld|  p_ZZ10sgm_kernelRN3hls6streamI7ap_uintILi8EELi0EEES4_S4_E9prevCostL_22|       pointer|
|p_ZZ10sgm_kernelRN3hls6streamI7ap_uintILi8EELi0EEES4_S4_E9prevCostL_22_o         |  out|   12|     ap_ovld|  p_ZZ10sgm_kernelRN3hls6streamI7ap_uintILi8EELi0EEES4_S4_E9prevCostL_22|       pointer|
|p_ZZ10sgm_kernelRN3hls6streamI7ap_uintILi8EELi0EEES4_S4_E9prevCostL_22_o_ap_vld  |  out|    1|     ap_ovld|  p_ZZ10sgm_kernelRN3hls6streamI7ap_uintILi8EELi0EEES4_S4_E9prevCostL_22|       pointer|
|p_ZZ10sgm_kernelRN3hls6streamI7ap_uintILi8EELi0EEES4_S4_E9prevCostL_23_i         |   in|   12|     ap_ovld|  p_ZZ10sgm_kernelRN3hls6streamI7ap_uintILi8EELi0EEES4_S4_E9prevCostL_23|       pointer|
|p_ZZ10sgm_kernelRN3hls6streamI7ap_uintILi8EELi0EEES4_S4_E9prevCostL_23_o         |  out|   12|     ap_ovld|  p_ZZ10sgm_kernelRN3hls6streamI7ap_uintILi8EELi0EEES4_S4_E9prevCostL_23|       pointer|
|p_ZZ10sgm_kernelRN3hls6streamI7ap_uintILi8EELi0EEES4_S4_E9prevCostL_23_o_ap_vld  |  out|    1|     ap_ovld|  p_ZZ10sgm_kernelRN3hls6streamI7ap_uintILi8EELi0EEES4_S4_E9prevCostL_23|       pointer|
|p_ZZ10sgm_kernelRN3hls6streamI7ap_uintILi8EELi0EEES4_S4_E9prevCostL_24_i         |   in|   12|     ap_ovld|  p_ZZ10sgm_kernelRN3hls6streamI7ap_uintILi8EELi0EEES4_S4_E9prevCostL_24|       pointer|
|p_ZZ10sgm_kernelRN3hls6streamI7ap_uintILi8EELi0EEES4_S4_E9prevCostL_24_o         |  out|   12|     ap_ovld|  p_ZZ10sgm_kernelRN3hls6streamI7ap_uintILi8EELi0EEES4_S4_E9prevCostL_24|       pointer|
|p_ZZ10sgm_kernelRN3hls6streamI7ap_uintILi8EELi0EEES4_S4_E9prevCostL_24_o_ap_vld  |  out|    1|     ap_ovld|  p_ZZ10sgm_kernelRN3hls6streamI7ap_uintILi8EELi0EEES4_S4_E9prevCostL_24|       pointer|
|p_ZZ10sgm_kernelRN3hls6streamI7ap_uintILi8EELi0EEES4_S4_E9prevCostL_25_i         |   in|   12|     ap_ovld|  p_ZZ10sgm_kernelRN3hls6streamI7ap_uintILi8EELi0EEES4_S4_E9prevCostL_25|       pointer|
|p_ZZ10sgm_kernelRN3hls6streamI7ap_uintILi8EELi0EEES4_S4_E9prevCostL_25_o         |  out|   12|     ap_ovld|  p_ZZ10sgm_kernelRN3hls6streamI7ap_uintILi8EELi0EEES4_S4_E9prevCostL_25|       pointer|
|p_ZZ10sgm_kernelRN3hls6streamI7ap_uintILi8EELi0EEES4_S4_E9prevCostL_25_o_ap_vld  |  out|    1|     ap_ovld|  p_ZZ10sgm_kernelRN3hls6streamI7ap_uintILi8EELi0EEES4_S4_E9prevCostL_25|       pointer|
|p_ZZ10sgm_kernelRN3hls6streamI7ap_uintILi8EELi0EEES4_S4_E9prevCostL_26_i         |   in|   12|     ap_ovld|  p_ZZ10sgm_kernelRN3hls6streamI7ap_uintILi8EELi0EEES4_S4_E9prevCostL_26|       pointer|
|p_ZZ10sgm_kernelRN3hls6streamI7ap_uintILi8EELi0EEES4_S4_E9prevCostL_26_o         |  out|   12|     ap_ovld|  p_ZZ10sgm_kernelRN3hls6streamI7ap_uintILi8EELi0EEES4_S4_E9prevCostL_26|       pointer|
|p_ZZ10sgm_kernelRN3hls6streamI7ap_uintILi8EELi0EEES4_S4_E9prevCostL_26_o_ap_vld  |  out|    1|     ap_ovld|  p_ZZ10sgm_kernelRN3hls6streamI7ap_uintILi8EELi0EEES4_S4_E9prevCostL_26|       pointer|
|p_ZZ10sgm_kernelRN3hls6streamI7ap_uintILi8EELi0EEES4_S4_E9prevCostL_27_i         |   in|   12|     ap_ovld|  p_ZZ10sgm_kernelRN3hls6streamI7ap_uintILi8EELi0EEES4_S4_E9prevCostL_27|       pointer|
|p_ZZ10sgm_kernelRN3hls6streamI7ap_uintILi8EELi0EEES4_S4_E9prevCostL_27_o         |  out|   12|     ap_ovld|  p_ZZ10sgm_kernelRN3hls6streamI7ap_uintILi8EELi0EEES4_S4_E9prevCostL_27|       pointer|
|p_ZZ10sgm_kernelRN3hls6streamI7ap_uintILi8EELi0EEES4_S4_E9prevCostL_27_o_ap_vld  |  out|    1|     ap_ovld|  p_ZZ10sgm_kernelRN3hls6streamI7ap_uintILi8EELi0EEES4_S4_E9prevCostL_27|       pointer|
|p_ZZ10sgm_kernelRN3hls6streamI7ap_uintILi8EELi0EEES4_S4_E9prevCostL_28_i         |   in|   12|     ap_ovld|  p_ZZ10sgm_kernelRN3hls6streamI7ap_uintILi8EELi0EEES4_S4_E9prevCostL_28|       pointer|
|p_ZZ10sgm_kernelRN3hls6streamI7ap_uintILi8EELi0EEES4_S4_E9prevCostL_28_o         |  out|   12|     ap_ovld|  p_ZZ10sgm_kernelRN3hls6streamI7ap_uintILi8EELi0EEES4_S4_E9prevCostL_28|       pointer|
|p_ZZ10sgm_kernelRN3hls6streamI7ap_uintILi8EELi0EEES4_S4_E9prevCostL_28_o_ap_vld  |  out|    1|     ap_ovld|  p_ZZ10sgm_kernelRN3hls6streamI7ap_uintILi8EELi0EEES4_S4_E9prevCostL_28|       pointer|
|p_ZZ10sgm_kernelRN3hls6streamI7ap_uintILi8EELi0EEES4_S4_E9prevCostL_29_i         |   in|   12|     ap_ovld|  p_ZZ10sgm_kernelRN3hls6streamI7ap_uintILi8EELi0EEES4_S4_E9prevCostL_29|       pointer|
|p_ZZ10sgm_kernelRN3hls6streamI7ap_uintILi8EELi0EEES4_S4_E9prevCostL_29_o         |  out|   12|     ap_ovld|  p_ZZ10sgm_kernelRN3hls6streamI7ap_uintILi8EELi0EEES4_S4_E9prevCostL_29|       pointer|
|p_ZZ10sgm_kernelRN3hls6streamI7ap_uintILi8EELi0EEES4_S4_E9prevCostL_29_o_ap_vld  |  out|    1|     ap_ovld|  p_ZZ10sgm_kernelRN3hls6streamI7ap_uintILi8EELi0EEES4_S4_E9prevCostL_29|       pointer|
|p_ZZ10sgm_kernelRN3hls6streamI7ap_uintILi8EELi0EEES4_S4_E9prevCostL_30_i         |   in|   12|     ap_ovld|  p_ZZ10sgm_kernelRN3hls6streamI7ap_uintILi8EELi0EEES4_S4_E9prevCostL_30|       pointer|
|p_ZZ10sgm_kernelRN3hls6streamI7ap_uintILi8EELi0EEES4_S4_E9prevCostL_30_o         |  out|   12|     ap_ovld|  p_ZZ10sgm_kernelRN3hls6streamI7ap_uintILi8EELi0EEES4_S4_E9prevCostL_30|       pointer|
|p_ZZ10sgm_kernelRN3hls6streamI7ap_uintILi8EELi0EEES4_S4_E9prevCostL_30_o_ap_vld  |  out|    1|     ap_ovld|  p_ZZ10sgm_kernelRN3hls6streamI7ap_uintILi8EELi0EEES4_S4_E9prevCostL_30|       pointer|
|p_ZZ10sgm_kernelRN3hls6streamI7ap_uintILi8EELi0EEES4_S4_E9prevCostL_31_i         |   in|   12|     ap_ovld|  p_ZZ10sgm_kernelRN3hls6streamI7ap_uintILi8EELi0EEES4_S4_E9prevCostL_31|       pointer|
|p_ZZ10sgm_kernelRN3hls6streamI7ap_uintILi8EELi0EEES4_S4_E9prevCostL_31_o         |  out|   12|     ap_ovld|  p_ZZ10sgm_kernelRN3hls6streamI7ap_uintILi8EELi0EEES4_S4_E9prevCostL_31|       pointer|
|p_ZZ10sgm_kernelRN3hls6streamI7ap_uintILi8EELi0EEES4_S4_E9prevCostL_31_o_ap_vld  |  out|    1|     ap_ovld|  p_ZZ10sgm_kernelRN3hls6streamI7ap_uintILi8EELi0EEES4_S4_E9prevCostL_31|       pointer|
+---------------------------------------------------------------------------------+-----+-----+------------+------------------------------------------------------------------------+--------------+

