

================================================================
== Synthesis Summary Report of 'sgm_kernel'
================================================================
+ General Information: 
    * Date:           Thu Jun 18 19:15:56 2026
    * Version:        2023.1 (Build 3854077 on May  4 2023)
    * Project:        sgm_kernel
    * Solution:       solution1 (Vivado IP Flow Target)
    * Product family: zynq
    * Target device:  xc7z010-clg400-1
    

+ Performance & Resource Estimates: 
    
    PS: '+' for module; 'o' for loop; '*' for dataflow
    +------------------------------------------------------------+------+------+---------+-----------+----------+---------+------+----------+----------+----+------------+------------+-----+
    |                           Modules                          | Issue|      | Latency |  Latency  | Iteration|         | Trip |          |          |    |            |            |     |
    |                           & Loops                          | Type | Slack| (cycles)|    (ns)   |  Latency | Interval| Count| Pipelined|   BRAM   | DSP|     FF     |     LUT    | URAM|
    +------------------------------------------------------------+------+------+---------+-----------+----------+---------+------+----------+----------+----+------------+------------+-----+
    |+ sgm_kernel                                                |     -|  0.19|  3669028|  3.669e+07|         -|  3669029|     -|        no|  39 (32%)|   -|  4149 (11%)|  8582 (48%)|    -|
    | + sgm_kernel_Pipeline_InitBuf_VITIS_LOOP_306_1             |     -|  1.10|      962|  9.620e+03|         -|      962|     -|        no|         -|   -|    35 (~0%)|   149 (~0%)|    -|
    |  o InitBuf_VITIS_LOOP_306_1                                |     -|  7.30|      960|  9.600e+03|         2|        1|   960|       yes|         -|   -|           -|           -|    -|
    | o Row                                                      |     -|  7.30|  3668064|  3.668e+07|     38209|        -|    96|        no|         -|   -|           -|           -|    -|
    |  + sgm_kernel_Pipeline_ResetCosts                          |     -|  3.89|       18|    180.000|         -|       18|     -|        no|         -|   -|     8 (~0%)|    41 (~0%)|    -|
    |   o ResetCosts                                             |     -|  7.30|       16|    160.000|         1|        1|    16|       yes|         -|   -|           -|           -|    -|
    |  + sgm_kernel_Pipeline_InitLeftWin_VITIS_LOOP_374_2        |     -|  1.59|       11|    110.000|         -|       11|     -|        no|         -|   -|    58 (~0%)|    189 (1%)|    -|
    |   o InitLeftWin_VITIS_LOOP_374_2                           |     -|  7.30|        9|     90.000|         1|        1|     9|       yes|         -|   -|           -|           -|    -|
    |  + sgm_kernel_Pipeline_InitRightStripe_VITIS_LOOP_383_3    |     -|  0.87|      104|  1.040e+03|         -|      104|     -|        no|         -|   -|    17 (~0%)|   137 (~0%)|    -|
    |   o InitRightStripe_VITIS_LOOP_383_3                       |     -|  7.30|      102|  1.020e+03|         1|        1|   102|       yes|         -|   -|           -|           -|    -|
    |  o InitTBRow                                               |     -|  7.30|     6400|  6.400e+04|        20|        -|   320|        no|         -|   -|           -|           -|    -|
    |   + sgm_kernel_Pipeline_InitTBRowD                         |     -|  3.07|       18|    180.000|         -|       18|     -|        no|         -|   -|     8 (~0%)|    41 (~0%)|    -|
    |    o InitTBRowD                                            |     -|  7.30|       16|    160.000|         1|        1|    16|       yes|         -|   -|           -|           -|    -|
    |  o VITIS_LOOP_389_4                                        |     -|  7.30|    31680|  3.168e+05|        99|        -|   320|        no|         -|   -|           -|           -|    -|
    |   + col_frontend                                           |     -|  0.19|       52|    520.000|         -|       52|     -|        no|         -|   -|    595 (1%)|   1716 (9%)|    -|
    |    + compute_sad_cost_vector                               |     -|  0.19|       39|    390.000|         -|       39|     -|        no|         -|   -|   267 (~0%)|   1188 (6%)|    -|
    |     + compute_sad_cost_vector_Pipeline_SAD_Disparity       |     -|  0.19|       37|    370.000|         -|       37|     -|        no|         -|   -|   219 (~0%)|   1115 (6%)|    -|
    |      o SAD_Disparity                                       |     -|  7.30|       35|    350.000|         5|        1|    32|       yes|         -|   -|           -|           -|    -|
    |    o VITIS_LOOP_22_1                                       |     -|  7.30|        8|     80.000|         4|        -|     2|        no|         -|   -|           -|           -|    -|
    |   + col_backend                                            |     -|  0.30|       41|    410.000|         -|       41|     -|        no|         -|   -|   1941 (5%)|  3224 (18%)|    -|
    |    + aggregate_paths_and_select                            |     -|  0.30|       39|    390.000|         -|       39|     -|        no|         -|   -|   305 (~0%)|   1683 (9%)|    -|
    |     + aggregate_paths_and_select_Pipeline_AggregationLoop  |     -|  0.30|       36|    360.000|         -|       36|     -|        no|         -|   -|   276 (~0%)|   1582 (8%)|    -|
    |      o AggregationLoop                                     |     -|  7.30|       34|    340.000|         4|        1|    32|       yes|         -|   -|           -|           -|    -|
    |    + commit_prev_costs                                     |     -|  7.30|        0|      0.000|         -|        0|     -|        no|         -|   -|           -|           -|    -|
    +------------------------------------------------------------+------+------+---------+-----------+----------+---------+------+----------+----------+----+------------+------------+-----+


================================================================
== HW Interfaces
================================================================
* AXIS
+-----------+-----------+---------------+-------+--------+--------+
| Interface | Direction | Register Mode | TDATA | TREADY | TVALID |
+-----------+-----------+---------------+-------+--------+--------+
| disp      | out       | both          | 8     | 1      | 1      |
| left_r    | in        | both          | 8     | 1      | 1      |
| right_r   | in        | both          | 8     | 1      | 1      |
+-----------+-----------+---------------+-------+--------+--------+

* TOP LEVEL CONTROL
+-----------+--------------+----------+
| Interface | Type         | Ports    |
+-----------+--------------+----------+
| ap_clk    | clock        | ap_clk   |
| ap_rst_n  | reset        | ap_rst_n |
| ap_ctrl   | ap_ctrl_none |          |
+-----------+--------------+----------+


================================================================
== SW I/O Information
================================================================
* Top Function Arguments
+----------+-----------+------------------------+
| Argument | Direction | Datatype               |
+----------+-----------+------------------------+
| left     | in        | stream<ap_uint<8>, 0>& |
| right    | in        | stream<ap_uint<8>, 0>& |
| disp     | out       | stream<ap_uint<8>, 0>& |
+----------+-----------+------------------------+

* SW-to-HW Mapping
+----------+--------------+-----------+
| Argument | HW Interface | HW Type   |
+----------+--------------+-----------+
| left     | left_r       | interface |
| right    | right_r      | interface |
| disp     | disp         | interface |
+----------+--------------+-----------+


================================================================
== Bind Op Report
================================================================
+----------------------------------------------------------+-----+--------+----------------+-----+--------+---------+
| Name                                                     | DSP | Pragma | Variable       | Op  | Impl   | Latency |
+----------------------------------------------------------+-----+--------+----------------+-----+--------+---------+
| + sgm_kernel                                             | 0   |        |                |     |        |         |
|   r_2_fu_1593_p2                                         | -   |        | r_2            | add | fabric | 0       |
|   add_ln358_fu_1610_p2                                   | -   |        | add_ln358      | add | fabric | 0       |
|   add_ln389_fu_1669_p2                                   | -   |        | add_ln389      | add | fabric | 0       |
|   add_ln407_fu_1741_p2                                   | -   |        | add_ln407      | add | fabric | 0       |
|  + sgm_kernel_Pipeline_InitBuf_VITIS_LOOP_306_1          | 0   |        |                |     |        |         |
|    add_ln304_fu_172_p2                                   | -   |        | add_ln304      | add | fabric | 0       |
|    add_ln304_1_fu_198_p2                                 | -   |        | add_ln304_1    | add | fabric | 0       |
|    add_ln306_fu_212_p2                                   | -   |        | add_ln306      | add | fabric | 0       |
|  + sgm_kernel_Pipeline_ResetCosts                        | 0   |        |                |     |        |         |
|    add_ln349_fu_338_p2                                   | -   |        | add_ln349      | add | fabric | 0       |
|  + sgm_kernel_Pipeline_InitTBRowD                        | 0   |        |                |     |        |         |
|    add_ln363_fu_778_p2                                   | -   |        | add_ln363      | add | fabric | 0       |
|  + sgm_kernel_Pipeline_InitLeftWin_VITIS_LOOP_374_2      | 0   |        |                |     |        |         |
|    add_ln372_fu_230_p2                                   | -   |        | add_ln372      | add | fabric | 0       |
|    add_ln372_1_fu_256_p2                                 | -   |        | add_ln372_1    | add | fabric | 0       |
|    add_ln374_fu_300_p2                                   | -   |        | add_ln374      | add | fabric | 0       |
|  + sgm_kernel_Pipeline_InitRightStripe_VITIS_LOOP_383_3  | 0   |        |                |     |        |         |
|    add_ln381_fu_124_p2                                   | -   |        | add_ln381      | add | fabric | 0       |
|    add_ln381_1_fu_150_p2                                 | -   |        | add_ln381_1    | add | fabric | 0       |
|    add_ln383_fu_171_p2                                   | -   |        | add_ln383      | add | fabric | 0       |
|  + col_frontend                                          | 0   |        |                |     |        |         |
|    add_ln24_fu_374_p2                                    | -   |        | add_ln24       | add | fabric | 0       |
|    add_ln59_fu_384_p2                                    | -   |        | add_ln59       | add | fabric | 0       |
|   + compute_sad_cost_vector                              | 0   |        |                |     |        |         |
|     add9_fu_135_p2                                       | -   |        | add9           | add | fabric | 0       |
|     add_ln80_fu_141_p2                                   | -   |        | add_ln80       | add | fabric | 0       |
|    + compute_sad_cost_vector_Pipeline_SAD_Disparity      | 0   |        |                |     |        |         |
|      d_3_fu_296_p2                                       | -   |        | d_3            | add | fabric | 0       |
|      logicalIndex_fu_316_p2                              | -   |        | logicalIndex   | sub | fabric | 0       |
|      add_ln96_fu_322_p2                                  | -   |        | add_ln96       | add | fabric | 0       |
|      add_ln97_fu_376_p2                                  | -   |        | add_ln97       | add | fabric | 0       |
|      sub_ln28_fu_472_p2                                  | -   |        | sub_ln28       | sub | fabric | 0       |
|      sub_ln28_1_fu_477_p2                                | -   |        | sub_ln28_1     | sub | fabric | 0       |
|      add_ln97_1_fu_405_p2                                | -   |        | add_ln97_1     | add | fabric | 0       |
|      physIndex_1_fu_419_p2                               | -   |        | physIndex_1    | add | fabric | 0       |
|      sub_ln28_2_fu_499_p2                                | -   |        | sub_ln28_2     | sub | fabric | 0       |
|      sub_ln28_3_fu_504_p2                                | -   |        | sub_ln28_3     | sub | fabric | 0       |
|      add_ln98_2_fu_436_p2                                | -   |        | add_ln98_2     | add | fabric | 0       |
|      add_ln97_3_fu_441_p2                                | -   |        | add_ln97_3     | add | fabric | 0       |
|      physIndex_2_fu_455_p2                               | -   |        | physIndex_2    | add | fabric | 0       |
|      sub_ln28_4_fu_526_p2                                | -   |        | sub_ln28_4     | sub | fabric | 0       |
|      sub_ln28_5_fu_531_p2                                | -   |        | sub_ln28_5     | sub | fabric | 0       |
|      sub_ln28_6_fu_553_p2                                | -   |        | sub_ln28_6     | sub | fabric | 0       |
|      sub_ln28_7_fu_558_p2                                | -   |        | sub_ln28_7     | sub | fabric | 0       |
|      sub_ln28_8_fu_580_p2                                | -   |        | sub_ln28_8     | sub | fabric | 0       |
|      sub_ln28_9_fu_585_p2                                | -   |        | sub_ln28_9     | sub | fabric | 0       |
|      sub_ln28_10_fu_607_p2                               | -   |        | sub_ln28_10    | sub | fabric | 0       |
|      sub_ln28_11_fu_612_p2                               | -   |        | sub_ln28_11    | sub | fabric | 0       |
|      sub_ln28_12_fu_711_p2                               | -   |        | sub_ln28_12    | sub | fabric | 0       |
|      sub_ln28_13_fu_715_p2                               | -   |        | sub_ln28_13    | sub | fabric | 0       |
|      sub_ln28_14_fu_634_p2                               | -   |        | sub_ln28_14    | sub | fabric | 0       |
|      sub_ln28_15_fu_639_p2                               | -   |        | sub_ln28_15    | sub | fabric | 0       |
|      sub_ln28_16_fu_661_p2                               | -   |        | sub_ln28_16    | sub | fabric | 0       |
|      sub_ln28_17_fu_666_p2                               | -   |        | sub_ln28_17    | sub | fabric | 0       |
|      add_ln103_fu_683_p2                                 | -   |        | add_ln103      | add | fabric | 0       |
|      add_ln103_1_fu_689_p2                               | -   |        | add_ln103_1    | add | fabric | 0       |
|      add_ln103_2_fu_737_p2                               | -   |        | add_ln103_2    | add | fabric | 0       |
|      add_ln103_3_fu_695_p2                               | -   |        | add_ln103_3    | add | fabric | 0       |
|      add_ln103_4_fu_701_p2                               | -   |        | add_ln103_4    | add | fabric | 0       |
|      add_ln103_5_fu_753_p2                               | -   |        | add_ln103_5    | add | fabric | 0       |
|      add_ln103_6_fu_763_p2                               | -   |        | add_ln103_6    | add | fabric | 0       |
|      sum_1_fu_773_p2                                     | -   |        | sum_1          | add | fabric | 0       |
|  + col_backend                                           | 0   |        |                |     |        |         |
|   + aggregate_paths_and_select                           | 0   |        |                |     |        |         |
|     add_i285_fu_737_p2                                   | -   |        | add_i285       | add | fabric | 0       |
|     conv2_i_i_i260_fu_751_p2                             | -   |        | conv2_i_i_i260 | add | fabric | 0       |
|     add_i114_fu_761_p2                                   | -   |        | add_i114       | add | fabric | 0       |
|     conv2_i_i_i89_fu_775_p2                              | -   |        | conv2_i_i_i89  | add | fabric | 0       |
|    + aggregate_paths_and_select_Pipeline_AggregationLoop | 0   |        |                |     |        |         |
|      d_5_fu_892_p2                                       | -   |        | d_5            | add | fabric | 0       |
|      add_ln135_fu_1057_p2                                | -   |        | add_ln135      | add | fabric | 0       |
|      p1_LR_fu_1071_p2                                    | -   |        | p1_LR          | add | fabric | 0       |
|      add_ln136_fu_1173_p2                                | -   |        | add_ln136      | add | fabric | 0       |
|      p2_LR_fu_1187_p2                                    | -   |        | p2_LR          | add | fabric | 0       |
|      add_ln144_fu_1553_p2                                | -   |        | add_ln144      | add | fabric | 0       |
|      sub_ln144_fu_1601_p2                                | -   |        | sub_ln144      | sub | fabric | 0       |
|      add_ln148_fu_1359_p2                                | -   |        | add_ln148      | add | fabric | 0       |
|      p1_TB_fu_1373_p2                                    | -   |        | p1_TB          | add | fabric | 0       |
|      add_ln149_fu_1469_p2                                | -   |        | add_ln149      | add | fabric | 0       |
|      p2_TB_fu_1483_p2                                    | -   |        | p2_TB          | add | fabric | 0       |
|      add_ln157_fu_1592_p2                                | -   |        | add_ln157      | add | fabric | 0       |
|      sub_ln157_fu_1829_p2                                | -   |        | sub_ln157      | sub | fabric | 0       |
|      add_ln163_fu_2090_p2                                | -   |        | add_ln163      | add | fabric | 0       |
|      sum2_fu_2104_p2                                     | -   |        | sum2           | add | fabric | 0       |
+----------------------------------------------------------+-----+--------+----------------+-----+--------+---------+


================================================================
== Bind Storage Report
================================================================
+----------------------------------------------------------------------------+------+------+--------+------------------------------------------------------------------------+---------+------+---------+
| Name                                                                       | BRAM | URAM | Pragma | Variable                                                               | Storage | Impl | Latency |
+----------------------------------------------------------------------------+------+------+--------+------------------------------------------------------------------------+---------+------+---------+
| + sgm_kernel                                                               | 39   | 0    |        |                                                                        |         |      |         |
|   bufL_U                                                                   | 1    | -    |        | bufL                                                                   | ram_1p  | auto | 1       |
|   bufL_1_U                                                                 | 1    | -    |        | bufL_1                                                                 | ram_1p  | auto | 1       |
|   bufL_2_U                                                                 | 1    | -    |        | bufL_2                                                                 | ram_1p  | auto | 1       |
|   bufR_U                                                                   | 1    | -    |        | bufR                                                                   | ram_1p  | auto | 1       |
|   bufR_1_U                                                                 | 1    | -    |        | bufR_1                                                                 | ram_1p  | auto | 1       |
|   bufR_2_U                                                                 | 1    | -    |        | bufR_2                                                                 | ram_1p  | auto | 1       |
|   rightStripe_U                                                            | -    | -    |        | rightStripe                                                            | rom_np  | auto | 1       |
|   rightStripe_1_U                                                          | -    | -    |        | rightStripe_1                                                          | rom_np  | auto | 1       |
|   rightStripe_2_U                                                          | -    | -    |        | rightStripe_2                                                          | rom_np  | auto | 1       |
|   pkt_curCost_U                                                            | -    | -    |        | pkt_curCost                                                            | ram_1p  | auto | 1       |
|   minPrevT_U                                                               | 1    | -    |        | minPrevT                                                               | ram_1p  | auto | 1       |
|   sgm_kernel_stream_stream_ap_uint_8_0_stream_ap_uint_8_0_prevCostT_9_U    | 1    | -    | pragma | sgm_kernel_stream_stream_ap_uint_8_0_stream_ap_uint_8_0_prevCostT_9    | ram_2p  | bram | 1       |
|   sgm_kernel_stream_stream_ap_uint_8_0_stream_ap_uint_8_0_prevCostT_8_U    | 1    | -    | pragma | sgm_kernel_stream_stream_ap_uint_8_0_stream_ap_uint_8_0_prevCostT_8    | ram_2p  | bram | 1       |
|   sgm_kernel_stream_stream_ap_uint_8_0_stream_ap_uint_8_0_prevCostT_7_U    | 1    | -    | pragma | sgm_kernel_stream_stream_ap_uint_8_0_stream_ap_uint_8_0_prevCostT_7    | ram_2p  | bram | 1       |
|   sgm_kernel_stream_stream_ap_uint_8_0_stream_ap_uint_8_0_prevCostT_6_U    | 1    | -    | pragma | sgm_kernel_stream_stream_ap_uint_8_0_stream_ap_uint_8_0_prevCostT_6    | ram_2p  | bram | 1       |
|   sgm_kernel_stream_stream_ap_uint_8_0_stream_ap_uint_8_0_prevCostT_5_U    | 1    | -    | pragma | sgm_kernel_stream_stream_ap_uint_8_0_stream_ap_uint_8_0_prevCostT_5    | ram_2p  | bram | 1       |
|   sgm_kernel_stream_stream_ap_uint_8_0_stream_ap_uint_8_0_prevCostT_4_U    | 1    | -    | pragma | sgm_kernel_stream_stream_ap_uint_8_0_stream_ap_uint_8_0_prevCostT_4    | ram_2p  | bram | 1       |
|   sgm_kernel_stream_stream_ap_uint_8_0_stream_ap_uint_8_0_prevCostT_3_U    | 1    | -    | pragma | sgm_kernel_stream_stream_ap_uint_8_0_stream_ap_uint_8_0_prevCostT_3    | ram_2p  | bram | 1       |
|   sgm_kernel_stream_stream_ap_uint_8_0_stream_ap_uint_8_0_prevCostT_2_U    | 1    | -    | pragma | sgm_kernel_stream_stream_ap_uint_8_0_stream_ap_uint_8_0_prevCostT_2    | ram_2p  | bram | 1       |
|   sgm_kernel_stream_stream_ap_uint_8_0_stream_ap_uint_8_0_prevCostT_1_U    | 1    | -    | pragma | sgm_kernel_stream_stream_ap_uint_8_0_stream_ap_uint_8_0_prevCostT_1    | ram_2p  | bram | 1       |
|   sgm_kernel_stream_stream_ap_uint_8_0_stream_ap_uint_8_0_prevCostT_U      | 1    | -    | pragma | sgm_kernel_stream_stream_ap_uint_8_0_stream_ap_uint_8_0_prevCostT      | ram_2p  | bram | 1       |
|   p_ZZ10sgm_kernelRN3hls6streamI7ap_uintILi8EELi0EEES4_S4_E9prevCostT_10_U | 1    | -    | pragma | p_ZZ10sgm_kernelRN3hls6streamI7ap_uintILi8EELi0EEES4_S4_E9prevCostT_10 | ram_2p  | bram | 1       |
|   p_ZZ10sgm_kernelRN3hls6streamI7ap_uintILi8EELi0EEES4_S4_E9prevCostT_11_U | 1    | -    | pragma | p_ZZ10sgm_kernelRN3hls6streamI7ap_uintILi8EELi0EEES4_S4_E9prevCostT_11 | ram_2p  | bram | 1       |
|   p_ZZ10sgm_kernelRN3hls6streamI7ap_uintILi8EELi0EEES4_S4_E9prevCostT_12_U | 1    | -    | pragma | p_ZZ10sgm_kernelRN3hls6streamI7ap_uintILi8EELi0EEES4_S4_E9prevCostT_12 | ram_2p  | bram | 1       |
|   p_ZZ10sgm_kernelRN3hls6streamI7ap_uintILi8EELi0EEES4_S4_E9prevCostT_13_U | 1    | -    | pragma | p_ZZ10sgm_kernelRN3hls6streamI7ap_uintILi8EELi0EEES4_S4_E9prevCostT_13 | ram_2p  | bram | 1       |
|   p_ZZ10sgm_kernelRN3hls6streamI7ap_uintILi8EELi0EEES4_S4_E9prevCostT_14_U | 1    | -    | pragma | p_ZZ10sgm_kernelRN3hls6streamI7ap_uintILi8EELi0EEES4_S4_E9prevCostT_14 | ram_2p  | bram | 1       |
|   p_ZZ10sgm_kernelRN3hls6streamI7ap_uintILi8EELi0EEES4_S4_E9prevCostT_15_U | 1    | -    | pragma | p_ZZ10sgm_kernelRN3hls6streamI7ap_uintILi8EELi0EEES4_S4_E9prevCostT_15 | ram_2p  | bram | 1       |
|   p_ZZ10sgm_kernelRN3hls6streamI7ap_uintILi8EELi0EEES4_S4_E9prevCostT_16_U | 1    | -    | pragma | p_ZZ10sgm_kernelRN3hls6streamI7ap_uintILi8EELi0EEES4_S4_E9prevCostT_16 | ram_2p  | bram | 1       |
|   p_ZZ10sgm_kernelRN3hls6streamI7ap_uintILi8EELi0EEES4_S4_E9prevCostT_17_U | 1    | -    | pragma | p_ZZ10sgm_kernelRN3hls6streamI7ap_uintILi8EELi0EEES4_S4_E9prevCostT_17 | ram_2p  | bram | 1       |
|   p_ZZ10sgm_kernelRN3hls6streamI7ap_uintILi8EELi0EEES4_S4_E9prevCostT_18_U | 1    | -    | pragma | p_ZZ10sgm_kernelRN3hls6streamI7ap_uintILi8EELi0EEES4_S4_E9prevCostT_18 | ram_2p  | bram | 1       |
|   p_ZZ10sgm_kernelRN3hls6streamI7ap_uintILi8EELi0EEES4_S4_E9prevCostT_19_U | 1    | -    | pragma | p_ZZ10sgm_kernelRN3hls6streamI7ap_uintILi8EELi0EEES4_S4_E9prevCostT_19 | ram_2p  | bram | 1       |
|   p_ZZ10sgm_kernelRN3hls6streamI7ap_uintILi8EELi0EEES4_S4_E9prevCostT_20_U | 1    | -    | pragma | p_ZZ10sgm_kernelRN3hls6streamI7ap_uintILi8EELi0EEES4_S4_E9prevCostT_20 | ram_2p  | bram | 1       |
|   p_ZZ10sgm_kernelRN3hls6streamI7ap_uintILi8EELi0EEES4_S4_E9prevCostT_21_U | 1    | -    | pragma | p_ZZ10sgm_kernelRN3hls6streamI7ap_uintILi8EELi0EEES4_S4_E9prevCostT_21 | ram_2p  | bram | 1       |
|   p_ZZ10sgm_kernelRN3hls6streamI7ap_uintILi8EELi0EEES4_S4_E9prevCostT_22_U | 1    | -    | pragma | p_ZZ10sgm_kernelRN3hls6streamI7ap_uintILi8EELi0EEES4_S4_E9prevCostT_22 | ram_2p  | bram | 1       |
|   p_ZZ10sgm_kernelRN3hls6streamI7ap_uintILi8EELi0EEES4_S4_E9prevCostT_23_U | 1    | -    | pragma | p_ZZ10sgm_kernelRN3hls6streamI7ap_uintILi8EELi0EEES4_S4_E9prevCostT_23 | ram_2p  | bram | 1       |
|   p_ZZ10sgm_kernelRN3hls6streamI7ap_uintILi8EELi0EEES4_S4_E9prevCostT_24_U | 1    | -    | pragma | p_ZZ10sgm_kernelRN3hls6streamI7ap_uintILi8EELi0EEES4_S4_E9prevCostT_24 | ram_2p  | bram | 1       |
|   p_ZZ10sgm_kernelRN3hls6streamI7ap_uintILi8EELi0EEES4_S4_E9prevCostT_25_U | 1    | -    | pragma | p_ZZ10sgm_kernelRN3hls6streamI7ap_uintILi8EELi0EEES4_S4_E9prevCostT_25 | ram_2p  | bram | 1       |
|   p_ZZ10sgm_kernelRN3hls6streamI7ap_uintILi8EELi0EEES4_S4_E9prevCostT_26_U | 1    | -    | pragma | p_ZZ10sgm_kernelRN3hls6streamI7ap_uintILi8EELi0EEES4_S4_E9prevCostT_26 | ram_2p  | bram | 1       |
|   p_ZZ10sgm_kernelRN3hls6streamI7ap_uintILi8EELi0EEES4_S4_E9prevCostT_27_U | 1    | -    | pragma | p_ZZ10sgm_kernelRN3hls6streamI7ap_uintILi8EELi0EEES4_S4_E9prevCostT_27 | ram_2p  | bram | 1       |
|   p_ZZ10sgm_kernelRN3hls6streamI7ap_uintILi8EELi0EEES4_S4_E9prevCostT_28_U | 1    | -    | pragma | p_ZZ10sgm_kernelRN3hls6streamI7ap_uintILi8EELi0EEES4_S4_E9prevCostT_28 | ram_2p  | bram | 1       |
|   p_ZZ10sgm_kernelRN3hls6streamI7ap_uintILi8EELi0EEES4_S4_E9prevCostT_29_U | 1    | -    | pragma | p_ZZ10sgm_kernelRN3hls6streamI7ap_uintILi8EELi0EEES4_S4_E9prevCostT_29 | ram_2p  | bram | 1       |
|   p_ZZ10sgm_kernelRN3hls6streamI7ap_uintILi8EELi0EEES4_S4_E9prevCostT_30_U | 1    | -    | pragma | p_ZZ10sgm_kernelRN3hls6streamI7ap_uintILi8EELi0EEES4_S4_E9prevCostT_30 | ram_2p  | bram | 1       |
|   p_ZZ10sgm_kernelRN3hls6streamI7ap_uintILi8EELi0EEES4_S4_E9prevCostT_31_U | 1    | -    | pragma | p_ZZ10sgm_kernelRN3hls6streamI7ap_uintILi8EELi0EEES4_S4_E9prevCostT_31 | ram_2p  | bram | 1       |
+----------------------------------------------------------------------------+------+------+--------+------------------------------------------------------------------------+---------+------+---------+


================================================================
== Pragma Report
================================================================
* Pragmas with Warnings
+---------------+------------------------------------------+------------------------------------------------------------------------------------------------------------------------------+----------------------------------------------------+
| Type          | Options                                  | Location                                                                                                                     | Messages                                           |
+---------------+------------------------------------------+------------------------------------------------------------------------------------------------------------------------------+----------------------------------------------------+
| array_reshape | variable=val factor=RESHAPE_FACTOR dim=1 | ../Vitis_Libraries/vision/L1/include/common/xf_video_mem.hpp:759 in linebuffer<rows, cols, t, mem_type, reshape_factor>, val | 'factor' in '#pragma HLS array_reshape' is ignored |
+---------------+------------------------------------------+------------------------------------------------------------------------------------------------------------------------------+----------------------------------------------------+

* Valid Pragma Syntax
+-----------------+--------------------------------------------------+------------------------------------------------------------------------------------------------------------------------------+
| Type            | Options                                          | Location                                                                                                                     |
+-----------------+--------------------------------------------------+------------------------------------------------------------------------------------------------------------------------------+
| inline          |                                                  | ../Vitis_Libraries/vision/L1/include/common/xf_structs.hpp:245 in scalar<n, t>                                               |
| array_partition | variable=val dim=1 complete                      | ../Vitis_Libraries/vision/L1/include/common/xf_structs.hpp:246 in scalar<n, t>, val                                          |
| inline          |                                                  | ../Vitis_Libraries/vision/L1/include/common/xf_structs.hpp:252 in scalar<n, t>                                               |
| array_partition | variable=val dim=1 complete                      | ../Vitis_Libraries/vision/L1/include/common/xf_structs.hpp:253 in scalar<n, t>, val                                          |
| array_partition | variable=val dim=1 complete                      | ../Vitis_Libraries/vision/L1/include/common/xf_structs.hpp:260 in scalar<n, t>, val                                          |
| inline          |                                                  | ../Vitis_Libraries/vision/L1/include/common/xf_structs.hpp:261 in scalar<n, t>                                               |
| array_partition | variable=val dim=1 complete                      | ../Vitis_Libraries/vision/L1/include/common/xf_structs.hpp:269 in scalar<n, t>, val                                          |
| inline          |                                                  | ../Vitis_Libraries/vision/L1/include/common/xf_structs.hpp:270 in scalar<n, t>                                               |
| array_partition | variable=val dim=1 complete                      | ../Vitis_Libraries/vision/L1/include/common/xf_structs.hpp:279 in scalar<n, t>, val                                          |
| inline          |                                                  | ../Vitis_Libraries/vision/L1/include/common/xf_structs.hpp:280 in scalar<n, t>                                               |
| inline          |                                                  | ../Vitis_Libraries/vision/L1/include/common/xf_structs.hpp:305 in operator=                                                  |
| unroll          |                                                  | ../Vitis_Libraries/vision/L1/include/common/xf_structs.hpp:309 in operator=                                                  |
| inline          |                                                  | ../Vitis_Libraries/vision/L1/include/common/xf_structs.hpp:318 in operator+                                                  |
| unroll          |                                                  | ../Vitis_Libraries/vision/L1/include/common/xf_structs.hpp:323 in operator+                                                  |
| inline          |                                                  | ../Vitis_Libraries/vision/L1/include/common/xf_structs.hpp:333 in operator+                                                  |
| unroll          |                                                  | ../Vitis_Libraries/vision/L1/include/common/xf_structs.hpp:338 in operator+                                                  |
| inline          |                                                  | ../Vitis_Libraries/vision/L1/include/common/xf_structs.hpp:348 in operator-                                                  |
| unroll          |                                                  | ../Vitis_Libraries/vision/L1/include/common/xf_structs.hpp:353 in operator-                                                  |
| inline          |                                                  | ../Vitis_Libraries/vision/L1/include/common/xf_structs.hpp:363 in operator-                                                  |
| unroll          |                                                  | ../Vitis_Libraries/vision/L1/include/common/xf_structs.hpp:368 in operator-                                                  |
| inline          |                                                  | ../Vitis_Libraries/vision/L1/include/common/xf_structs.hpp:378 in operator*                                                  |
| unroll          |                                                  | ../Vitis_Libraries/vision/L1/include/common/xf_structs.hpp:383 in operator*                                                  |
| inline          |                                                  | ../Vitis_Libraries/vision/L1/include/common/xf_structs.hpp:393 in operator*                                                  |
| unroll          |                                                  | ../Vitis_Libraries/vision/L1/include/common/xf_structs.hpp:398 in operator*                                                  |
| inline          |                                                  | ../Vitis_Libraries/vision/L1/include/common/xf_structs.hpp:408 in operator/                                                  |
| unroll          |                                                  | ../Vitis_Libraries/vision/L1/include/common/xf_structs.hpp:413 in operator/                                                  |
| inline          |                                                  | ../Vitis_Libraries/vision/L1/include/common/xf_structs.hpp:423 in operator/                                                  |
| unroll          |                                                  | ../Vitis_Libraries/vision/L1/include/common/xf_structs.hpp:428 in operator/                                                  |
| inline          |                                                  | ../Vitis_Libraries/vision/L1/include/common/xf_structs.hpp:584 in type                                                       |
| inline          |                                                  | ../Vitis_Libraries/vision/L1/include/common/xf_structs.hpp:592 in depth                                                      |
| inline          |                                                  | ../Vitis_Libraries/vision/L1/include/common/xf_structs.hpp:599 in channels                                                   |
| inline          |                                                  | ../Vitis_Libraries/vision/L1/include/common/xf_structs.hpp:607 in init                                                       |
| inline          |                                                  | ../Vitis_Libraries/vision/L1/include/common/xf_structs.hpp:654 in mat<t, rows, cols, npc, xfcvdepth>                         |
| inline          |                                                  | ../Vitis_Libraries/vision/L1/include/common/xf_structs.hpp:663 in mat<t, rows, cols, npc, xfcvdepth>                         |
| inline          |                                                  | ../Vitis_Libraries/vision/L1/include/common/xf_structs.hpp:672 in mat<t, rows, cols, npc, xfcvdepth>                         |
| inline          |                                                  | ../Vitis_Libraries/vision/L1/include/common/xf_structs.hpp:681 in mat<t, rows, cols, npc, xfcvdepth>                         |
| inline          |                                                  | ../Vitis_Libraries/vision/L1/include/common/xf_structs.hpp:708 in copyto                                                     |
| inline          |                                                  | ../Vitis_Libraries/vision/L1/include/common/xf_structs.hpp:742 in copyfrom                                                   |
| bind_op         | variable=mul_rows_cols op=mul impl=dsp latency=2 | ../Vitis_Libraries/vision/L1/include/common/xf_structs.hpp:949 in addrbound, mul_rows_cols                                   |
| loop_tripcount  | min=1 max=ADDRBOUND                              | ../Vitis_Libraries/vision/L1/include/common/xf_structs.hpp:984 in axi2axistream                                              |
| pipeline        |                                                  | ../Vitis_Libraries/vision/L1/include/common/xf_structs.hpp:985 in axi2axistream                                              |
| loop_tripcount  | min=1 max=ADDRBOUND                              | ../Vitis_Libraries/vision/L1/include/common/xf_structs.hpp:998 in axi2axistream                                              |
| pipeline        |                                                  | ../Vitis_Libraries/vision/L1/include/common/xf_structs.hpp:999 in axi2axistream                                              |
| loop_tripcount  | min=1 max=ROWS                                   | ../Vitis_Libraries/vision/L1/include/common/xf_structs.hpp:1019 in axi2axistream                                             |
| loop_tripcount  | min=1 max=COLS_ADDRBOUND                         | ../Vitis_Libraries/vision/L1/include/common/xf_structs.hpp:1023 in axi2axistream                                             |
| pipeline        | II=1                                             | ../Vitis_Libraries/vision/L1/include/common/xf_structs.hpp:1024 in axi2axistream                                             |
| loop_tripcount  | min=1 max=LOOPBOUND                              | ../Vitis_Libraries/vision/L1/include/common/xf_structs.hpp:1056 in axistream2matstream                                       |
| pipeline        |                                                  | ../Vitis_Libraries/vision/L1/include/common/xf_structs.hpp:1057 in axistream2matstream                                       |
| loop_tripcount  | min=1 max=LOOPBOUND                              | ../Vitis_Libraries/vision/L1/include/common/xf_structs.hpp:1100 in matstream2mat                                             |
| pipeline        |                                                  | ../Vitis_Libraries/vision/L1/include/common/xf_structs.hpp:1101 in matstream2mat                                             |
| dataflow        |                                                  | ../Vitis_Libraries/vision/L1/include/common/xf_structs.hpp:1113 in axistream2mat                                             |
| dataflow        |                                                  | ../Vitis_Libraries/vision/L1/include/common/xf_structs.hpp:1126 in axistream2mat                                             |
| dataflow        |                                                  | ../Vitis_Libraries/vision/L1/include/common/xf_structs.hpp:1141 in axi2mat                                                   |
| dataflow        |                                                  | ../Vitis_Libraries/vision/L1/include/common/xf_structs.hpp:1164 in axi2mat                                                   |
| dataflow        |                                                  | ../Vitis_Libraries/vision/L1/include/common/xf_structs.hpp:1176 in axi2mat                                                   |
| dataflow        |                                                  | ../Vitis_Libraries/vision/L1/include/common/xf_structs.hpp:1199 in axi2mat                                                   |
| loop_tripcount  | min=1 max=LOOPBOUND                              | ../Vitis_Libraries/vision/L1/include/common/xf_structs.hpp:1273 in mat2matstream                                             |
| pipeline        |                                                  | ../Vitis_Libraries/vision/L1/include/common/xf_structs.hpp:1274 in mat2matstream                                             |
| loop_tripcount  | min=1 max=ROWS                                   | ../Vitis_Libraries/vision/L1/include/common/xf_structs.hpp:1303 in matstream2axistream                                       |
| loop_tripcount  | min=1 max=COLS_BOUND_PER_NPC                     | ../Vitis_Libraries/vision/L1/include/common/xf_structs.hpp:1308 in matstream2axistream                                       |
| pipeline        |                                                  | ../Vitis_Libraries/vision/L1/include/common/xf_structs.hpp:1309 in matstream2axistream                                       |
| dataflow        |                                                  | ../Vitis_Libraries/vision/L1/include/common/xf_structs.hpp:1351 in mat2axistream                                             |
| dataflow        |                                                  | ../Vitis_Libraries/vision/L1/include/common/xf_structs.hpp:1364 in mat2axistream                                             |
| loop_tripcount  | min=1 max=ADDRBOUND                              | ../Vitis_Libraries/vision/L1/include/common/xf_structs.hpp:1381 in axistream2axi                                             |
| pipeline        |                                                  | ../Vitis_Libraries/vision/L1/include/common/xf_structs.hpp:1382 in axistream2axi                                             |
| loop_tripcount  | min=1 max=ADDRBOUND                              | ../Vitis_Libraries/vision/L1/include/common/xf_structs.hpp:1396 in axistream2axi                                             |
| pipeline        |                                                  | ../Vitis_Libraries/vision/L1/include/common/xf_structs.hpp:1397 in axistream2axi                                             |
| dataflow        |                                                  | ../Vitis_Libraries/vision/L1/include/common/xf_structs.hpp:1411 in mat2axi                                                   |
| dataflow        |                                                  | ../Vitis_Libraries/vision/L1/include/common/xf_structs.hpp:1438 in mat2axi                                                   |
| dataflow        |                                                  | ../Vitis_Libraries/vision/L1/include/common/xf_structs.hpp:1469 in mat2axi                                                   |
| dataflow        |                                                  | ../Vitis_Libraries/vision/L1/include/common/xf_structs.hpp:1499 in mat2axi                                                   |
| inline          |                                                  | ../Vitis_Libraries/vision/L1/include/common/xf_video_mem.hpp:46 in window<rows, cols, t>                                     |
| array_partition | variable=val dim=1 complete                      | ../Vitis_Libraries/vision/L1/include/common/xf_video_mem.hpp:47 in window<rows, cols, t>, val                                |
| array_partition | variable=val dim=2 complete                      | ../Vitis_Libraries/vision/L1/include/common/xf_video_mem.hpp:48 in window<rows, cols, t>, val                                |
| inline          |                                                  | ../Vitis_Libraries/vision/L1/include/common/xf_video_mem.hpp:112 in shift_pixels_left                                        |
| unroll          |                                                  | ../Vitis_Libraries/vision/L1/include/common/xf_video_mem.hpp:124 in shift_pixels_left                                        |
| unroll          |                                                  | ../Vitis_Libraries/vision/L1/include/common/xf_video_mem.hpp:128 in shift_pixels_left                                        |
| inline          |                                                  | ../Vitis_Libraries/vision/L1/include/common/xf_video_mem.hpp:156 in shift_pixels_right                                       |
| unroll          |                                                  | ../Vitis_Libraries/vision/L1/include/common/xf_video_mem.hpp:168 in shift_pixels_right                                       |
| unroll          |                                                  | ../Vitis_Libraries/vision/L1/include/common/xf_video_mem.hpp:172 in shift_pixels_right                                       |
| inline          |                                                  | ../Vitis_Libraries/vision/L1/include/common/xf_video_mem.hpp:200 in shift_pixels_up                                          |
| unroll          |                                                  | ../Vitis_Libraries/vision/L1/include/common/xf_video_mem.hpp:212 in shift_pixels_up                                          |
| unroll          |                                                  | ../Vitis_Libraries/vision/L1/include/common/xf_video_mem.hpp:216 in shift_pixels_up                                          |
| inline          |                                                  | ../Vitis_Libraries/vision/L1/include/common/xf_video_mem.hpp:244 in shift_pixels_down                                        |
| unroll          |                                                  | ../Vitis_Libraries/vision/L1/include/common/xf_video_mem.hpp:256 in shift_pixels_down                                        |
| unroll          |                                                  | ../Vitis_Libraries/vision/L1/include/common/xf_video_mem.hpp:260 in shift_pixels_down                                        |
| inline          |                                                  | ../Vitis_Libraries/vision/L1/include/common/xf_video_mem.hpp:287 in insert_pixel                                             |
| inline          |                                                  | ../Vitis_Libraries/vision/L1/include/common/xf_video_mem.hpp:320 in insert_row                                               |
| unroll          |                                                  | ../Vitis_Libraries/vision/L1/include/common/xf_video_mem.hpp:332 in insert_row                                               |
| inline          |                                                  | ../Vitis_Libraries/vision/L1/include/common/xf_video_mem.hpp:359 in insert_top_row                                           |
| inline          |                                                  | ../Vitis_Libraries/vision/L1/include/common/xf_video_mem.hpp:392 in insert_bottom_row                                        |
| inline          |                                                  | ../Vitis_Libraries/vision/L1/include/common/xf_video_mem.hpp:425 in insert_col                                               |
| unroll          |                                                  | ../Vitis_Libraries/vision/L1/include/common/xf_video_mem.hpp:437 in insert_col                                               |
| inline          |                                                  | ../Vitis_Libraries/vision/L1/include/common/xf_video_mem.hpp:464 in insert_left_col                                          |
| inline          |                                                  | ../Vitis_Libraries/vision/L1/include/common/xf_video_mem.hpp:497 in insert_right_col                                         |
| inline          |                                                  | ../Vitis_Libraries/vision/L1/include/common/xf_video_mem.hpp:530 in getval                                                   |
| inline          |                                                  | ../Vitis_Libraries/vision/L1/include/common/xf_video_mem.hpp:542 in operator()                                               |
| inline          |                                                  | ../Vitis_Libraries/vision/L1/include/common/xf_video_mem.hpp:579 in shift_left                                               |
| inline          |                                                  | ../Vitis_Libraries/vision/L1/include/common/xf_video_mem.hpp:592 in shift_right                                              |
| inline          |                                                  | ../Vitis_Libraries/vision/L1/include/common/xf_video_mem.hpp:605 in shift_up                                                 |
| inline          |                                                  | ../Vitis_Libraries/vision/L1/include/common/xf_video_mem.hpp:618 in shift_down                                               |
| inline          |                                                  | ../Vitis_Libraries/vision/L1/include/common/xf_video_mem.hpp:631 in insert                                                   |
| inline          |                                                  | ../Vitis_Libraries/vision/L1/include/common/xf_video_mem.hpp:644 in insert_top                                               |
| inline          |                                                  | ../Vitis_Libraries/vision/L1/include/common/xf_video_mem.hpp:657 in insert_bottom                                            |
| inline          |                                                  | ../Vitis_Libraries/vision/L1/include/common/xf_video_mem.hpp:670 in insert_left                                              |
| inline          |                                                  | ../Vitis_Libraries/vision/L1/include/common/xf_video_mem.hpp:683 in insert_right                                             |
| inline          |                                                  | ../Vitis_Libraries/vision/L1/include/common/xf_video_mem.hpp:700 in linebuffer<rows, cols, t, mem_type, reshape_factor>      |
| dependence      | variable=val inter false                         | ../Vitis_Libraries/vision/L1/include/common/xf_video_mem.hpp:701 in linebuffer<rows, cols, t, mem_type, reshape_factor>, val |
| dependence      | variable=val intra false                         | ../Vitis_Libraries/vision/L1/include/common/xf_video_mem.hpp:702 in linebuffer<rows, cols, t, mem_type, reshape_factor>, val |
| bind_storage    | variable=val type=RAM_1P impl=BRAM               | ../Vitis_Libraries/vision/L1/include/common/xf_video_mem.hpp:711 in linebuffer<rows, cols, t, mem_type, reshape_factor>, val |
| bind_storage    | variable=val type=RAM_1P impl=URAM               | ../Vitis_Libraries/vision/L1/include/common/xf_video_mem.hpp:716 in linebuffer<rows, cols, t, mem_type, reshape_factor>, val |
| bind_storage    | variable=val type=RAM_2P impl=BRAM               | ../Vitis_Libraries/vision/L1/include/common/xf_video_mem.hpp:721 in linebuffer<rows, cols, t, mem_type, reshape_factor>, val |
| bind_storage    | variable=val type=RAM_2P impl=URAM               | ../Vitis_Libraries/vision/L1/include/common/xf_video_mem.hpp:726 in linebuffer<rows, cols, t, mem_type, reshape_factor>, val |
| bind_storage    | variable=val type=RAM_S2P impl=BRAM              | ../Vitis_Libraries/vision/L1/include/common/xf_video_mem.hpp:731 in linebuffer<rows, cols, t, mem_type, reshape_factor>, val |
| bind_storage    | variable=val type=RAM_S2P impl=URAM              | ../Vitis_Libraries/vision/L1/include/common/xf_video_mem.hpp:736 in linebuffer<rows, cols, t, mem_type, reshape_factor>, val |
| bind_storage    | variable=val type=RAM_T2P impl=BRAM              | ../Vitis_Libraries/vision/L1/include/common/xf_video_mem.hpp:741 in linebuffer<rows, cols, t, mem_type, reshape_factor>, val |
| bind_storage    | variable=val type=RAM_T2P impl=URAM              | ../Vitis_Libraries/vision/L1/include/common/xf_video_mem.hpp:746 in linebuffer<rows, cols, t, mem_type, reshape_factor>, val |
| array_partition | variable=val complete dim=1                      | ../Vitis_Libraries/vision/L1/include/common/xf_video_mem.hpp:755 in linebuffer<rows, cols, t, mem_type, reshape_factor>, val |
| inline          |                                                  | ../Vitis_Libraries/vision/L1/include/common/xf_video_mem.hpp:813 in shift_pixels_down                                        |
| unroll          |                                                  | ../Vitis_Libraries/vision/L1/include/common/xf_video_mem.hpp:826 in shift_pixels_down                                        |
| inline          |                                                  | ../Vitis_Libraries/vision/L1/include/common/xf_video_mem.hpp:856 in shift_pixels_up                                          |
| unroll          |                                                  | ../Vitis_Libraries/vision/L1/include/common/xf_video_mem.hpp:869 in shift_pixels_up                                          |
| inline          |                                                  | ../Vitis_Libraries/vision/L1/include/common/xf_video_mem.hpp:898 in insert_bottom_row                                        |
| inline          |                                                  | ../Vitis_Libraries/vision/L1/include/common/xf_video_mem.hpp:931 in insert_top_row                                           |
| inline          |                                                  | ../Vitis_Libraries/vision/L1/include/common/xf_video_mem.hpp:964 in get_col                                                  |
| unroll          |                                                  | ../Vitis_Libraries/vision/L1/include/common/xf_video_mem.hpp:970 in get_col                                                  |
| inline          |                                                  | ../Vitis_Libraries/vision/L1/include/common/xf_video_mem.hpp:981 in getval                                                   |
| inline          |                                                  | ../Vitis_Libraries/vision/L1/include/common/xf_video_mem.hpp:992 in operator()                                               |
| inline          |                                                  | ../Vitis_Libraries/vision/L1/include/common/xf_video_mem.hpp:1004 in shift_down                                              |
| inline          |                                                  | ../Vitis_Libraries/vision/L1/include/common/xf_video_mem.hpp:1016 in shift_up                                                |
| inline          |                                                  | ../Vitis_Libraries/vision/L1/include/common/xf_video_mem.hpp:1028 in insert_bottom                                           |
| inline          |                                                  | ../Vitis_Libraries/vision/L1/include/common/xf_video_mem.hpp:1040 in insert_top                                              |
| inline          |                                                  | sgm_kernel/sgm_kernel.cpp:20 in update_line_buffers                                                                          |
| inline          |                                                  | sgm_kernel/sgm_kernel.cpp:39 in update_sliding_windows                                                                       |
| unroll          |                                                  | sgm_kernel/sgm_kernel.cpp:44 in update_sliding_windows                                                                       |
| unroll          |                                                  | sgm_kernel/sgm_kernel.cpp:47 in update_sliding_windows                                                                       |
| unroll          |                                                  | sgm_kernel/sgm_kernel.cpp:55 in update_sliding_windows                                                                       |
| unroll          |                                                  | sgm_kernel/sgm_kernel.cpp:66 in update_sliding_windows                                                                       |
| inline          | off                                              | sgm_kernel/sgm_kernel.cpp:77 in compute_sad_cost_vector                                                                      |
| pipeline        | II=1                                             | sgm_kernel/sgm_kernel.cpp:82 in compute_sad_cost_vector                                                                      |
| unroll          |                                                  | sgm_kernel/sgm_kernel.cpp:88 in compute_sad_cost_vector                                                                      |
| unroll          |                                                  | sgm_kernel/sgm_kernel.cpp:93 in compute_sad_cost_vector                                                                      |
| inline          | off                                              | sgm_kernel/sgm_kernel.cpp:122 in aggregate_paths_and_select                                                                  |
| pipeline        | II = 1                                           | sgm_kernel/sgm_kernel.cpp:133 in aggregate_paths_and_select                                                                  |
| inline          | off                                              | sgm_kernel/sgm_kernel.cpp:184 in commit_prev_costs                                                                           |
| unroll          |                                                  | sgm_kernel/sgm_kernel.cpp:189 in commit_prev_costs                                                                           |
| inline          | off                                              | sgm_kernel/sgm_kernel.cpp:212 in col_frontend                                                                                |
| inline          | off                                              | sgm_kernel/sgm_kernel.cpp:249 in col_backend                                                                                 |
| interface       | axis port=left register                          | sgm_kernel/sgm_kernel.cpp:290 in sgm_kernel, left                                                                            |
| interface       | axis port=right register                         | sgm_kernel/sgm_kernel.cpp:291 in sgm_kernel, right                                                                           |
| interface       | axis port=disp register                          | sgm_kernel/sgm_kernel.cpp:292 in sgm_kernel, disp                                                                            |
| interface       | ap_ctrl_none port=return                         | sgm_kernel/sgm_kernel.cpp:293 in sgm_kernel, return                                                                          |
| array_partition | variable=bufL complete dim=1                     | sgm_kernel/sgm_kernel.cpp:299 in sgm_kernel, bufL                                                                            |
| array_partition | variable=bufR complete dim=1                     | sgm_kernel/sgm_kernel.cpp:300 in sgm_kernel, bufR                                                                            |
| array_partition | variable=prevCostL complete dim=1                | sgm_kernel/sgm_kernel.cpp:315 in sgm_kernel, prevCostL                                                                       |
| bind_storage    | variable=prevCostT type=RAM_2P impl=BRAM         | sgm_kernel/sgm_kernel.cpp:318 in sgm_kernel, prevCostT                                                                       |
| array_partition | variable=prevCostT complete dim=2                | sgm_kernel/sgm_kernel.cpp:319 in sgm_kernel, prevCostT                                                                       |
| array_partition | variable=aggCost complete dim=1                  | sgm_kernel/sgm_kernel.cpp:322 in sgm_kernel, aggCost                                                                         |
| array_partition | variable=aggLR_arr complete dim=1                | sgm_kernel/sgm_kernel.cpp:326 in sgm_kernel, aggLR_arr                                                                       |
| array_partition | variable=aggTB_arr complete dim=1                | sgm_kernel/sgm_kernel.cpp:327 in sgm_kernel, aggTB_arr                                                                       |
| array_partition | variable=leftWin complete dim=0                  | sgm_kernel/sgm_kernel.cpp:332 in sgm_kernel, leftWin                                                                         |
| array_partition | variable=rightStripe complete dim=1              | sgm_kernel/sgm_kernel.cpp:333 in sgm_kernel, rightStripe                                                                     |
| unroll          | factor=2                                         | sgm_kernel/sgm_kernel.cpp:351 in sgm_kernel                                                                                  |
| loop_tripcount  | min=IMG_W max=IMG_W                              | sgm_kernel/sgm_kernel.cpp:360 in sgm_kernel                                                                                  |
| unroll          | factor=2                                         | sgm_kernel/sgm_kernel.cpp:365 in sgm_kernel                                                                                  |
| dependence      | variable=bufL inter false                        | sgm_kernel/sgm_kernel.cpp:392 in sgm_kernel, bufL                                                                            |
| dependence      | variable=bufR inter false                        | sgm_kernel/sgm_kernel.cpp:393 in sgm_kernel, bufR                                                                            |
| inline          |                                                  | sgm_kernel/sgm_params.hpp:27 in absdiff                                                                                      |
| inline          |                                                  | sgm_kernel/sgm_params.hpp:33 in sat12                                                                                        |
+-----------------+--------------------------------------------------+------------------------------------------------------------------------------------------------------------------------------+


